{"/home/daniel/Workspace/metrics-js-ts/src/index.js": {"path":"/home/daniel/Workspace/metrics-js-ts/src/index.js","statementMap":{"0":{"start":{"line":9,"column":19},"end":{"line":9,"column":49}},"1":{"start":{"line":10,"column":18},"end":{"line":10,"column":42}},"2":{"start":{"line":17,"column":2},"end":{"line":19,"column":3}},"3":{"start":{"line":18,"column":4},"end":{"line":18,"column":53}},"4":{"start":{"line":21,"column":22},"end":{"line":21,"column":51}},"5":{"start":{"line":23,"column":27},"end":{"line":25,"column":41}},"6":{"start":{"line":27,"column":20},"end":{"line":27,"column":52}},"7":{"start":{"line":28,"column":15},"end":{"line":28,"column":45}},"8":{"start":{"line":30,"column":22},"end":{"line":31,"column":33}},"9":{"start":{"line":32,"column":24},"end":{"line":32,"column":60}},"10":{"start":{"line":34,"column":2},"end":{"line":34,"column":50}}},"fnMap":{"0":{"name":"calculateMetrics","decl":{"start":{"line":12,"column":15},"end":{"line":12,"column":31}},"loc":{"start":{"line":16,"column":8},"end":{"line":35,"column":1}},"line":16}},"branchMap":{"0":{"loc":{"start":{"line":12,"column":33},"end":{"line":16,"column":6}},"type":"default-arg","locations":[{"start":{"line":16,"column":4},"end":{"line":16,"column":6}}],"line":12},"1":{"loc":{"start":{"line":15,"column":2},"end":{"line":15,"column":26}},"type":"default-arg","locations":[{"start":{"line":15,"column":22},"end":{"line":15,"column":26}}],"line":15},"2":{"loc":{"start":{"line":17,"column":2},"end":{"line":19,"column":3}},"type":"if","locations":[{"start":{"line":17,"column":2},"end":{"line":19,"column":3}},{"start":{},"end":{}}],"line":17},"3":{"loc":{"start":{"line":17,"column":6},"end":{"line":17,"column":46}},"type":"binary-expr","locations":[{"start":{"line":17,"column":6},"end":{"line":17,"column":24}},{"start":{"line":17,"column":28},"end":{"line":17,"column":46}}],"line":17},"4":{"loc":{"start":{"line":23,"column":27},"end":{"line":25,"column":41}},"type":"cond-expr","locations":[{"start":{"line":24,"column":6},"end":{"line":24,"column":14}},{"start":{"line":25,"column":6},"end":{"line":25,"column":41}}],"line":23}},"s":{"0":3,"1":3,"2":3,"3":0,"4":3,"5":3,"6":3,"7":3,"8":3,"9":3,"10":3},"f":{"0":3},"b":{"0":[0],"1":[3],"2":[0,3],"3":[3,0],"4":[3,0]},"_coverageSchema":"1a1c01bbd47fc00a2c39e90264f33305004495a9","hash":"f49e63e55fc562611b4c62d62ca09c8be73b8afa"}
,"/home/daniel/Workspace/metrics-js-ts/src/ast/astProcessor.js": {"path":"/home/daniel/Workspace/metrics-js-ts/src/ast/astProcessor.js","statementMap":{"0":{"start":{"line":18,"column":2},"end":{"line":21,"column":3}},"1":{"start":{"line":20,"column":4},"end":{"line":20,"column":10}},"2":{"start":{"line":23,"column":2},"end":{"line":29,"column":3}},"3":{"start":{"line":25,"column":4},"end":{"line":27,"column":5}},"4":{"start":{"line":26,"column":6},"end":{"line":26,"column":30}},"5":{"start":{"line":28,"column":4},"end":{"line":28,"column":10}},"6":{"start":{"line":31,"column":2},"end":{"line":34,"column":3}},"7":{"start":{"line":33,"column":4},"end":{"line":33,"column":10}},"8":{"start":{"line":37,"column":2},"end":{"line":41,"column":3}},"9":{"start":{"line":38,"column":4},"end":{"line":40,"column":5}},"10":{"start":{"line":39,"column":6},"end":{"line":39,"column":22}},"11":{"start":{"line":44,"column":2},"end":{"line":48,"column":3}},"12":{"start":{"line":45,"column":4},"end":{"line":47,"column":5}},"13":{"start":{"line":46,"column":6},"end":{"line":46,"column":30}},"14":{"start":{"line":52,"column":2},"end":{"line":57,"column":3}},"15":{"start":{"line":53,"column":4},"end":{"line":53,"column":53}},"16":{"start":{"line":55,"column":4},"end":{"line":56,"column":83}},"17":{"start":{"line":61,"column":2},"end":{"line":67,"column":3}},"18":{"start":{"line":62,"column":17},"end":{"line":62,"column":46}},"19":{"start":{"line":63,"column":4},"end":{"line":63,"column":44}},"20":{"start":{"line":65,"column":4},"end":{"line":65,"column":39}},"21":{"start":{"line":66,"column":4},"end":{"line":66,"column":15}},"22":{"start":{"line":71,"column":22},"end":{"line":81,"column":4}},"23":{"start":{"line":72,"column":16},"end":{"line":72,"column":43}},"24":{"start":{"line":73,"column":4},"end":{"line":73,"column":28}},"25":{"start":{"line":73,"column":22},"end":{"line":73,"column":28}},"26":{"start":{"line":75,"column":4},"end":{"line":75,"column":26}},"27":{"start":{"line":78,"column":4},"end":{"line":78,"column":40}},"28":{"start":{"line":80,"column":4},"end":{"line":80,"column":14}},"29":{"start":{"line":83,"column":2},"end":{"line":83,"column":39}}},"fnMap":{"0":{"name":"removeASTLocation","decl":{"start":{"line":17,"column":16},"end":{"line":17,"column":33}},"loc":{"start":{"line":17,"column":41},"end":{"line":49,"column":1}},"line":17},"1":{"name":"getSourceCode","decl":{"start":{"line":51,"column":15},"end":{"line":51,"column":28}},"loc":{"start":{"line":51,"column":40},"end":{"line":58,"column":1}},"line":51},"2":{"name":"getAST","decl":{"start":{"line":60,"column":15},"end":{"line":60,"column":21}},"loc":{"start":{"line":60,"column":33},"end":{"line":68,"column":1}},"line":60},"3":{"name":"constructASTs","decl":{"start":{"line":70,"column":15},"end":{"line":70,"column":28}},"loc":{"start":{"line":70,"column":37},"end":{"line":84,"column":1}},"line":70},"4":{"name":"(anonymous_4)","decl":{"start":{"line":71,"column":32},"end":{"line":71,"column":33}},"loc":{"start":{"line":71,"column":48},"end":{"line":81,"column":3}},"line":71}},"branchMap":{"0":{"loc":{"start":{"line":18,"column":2},"end":{"line":21,"column":3}},"type":"if","locations":[{"start":{"line":18,"column":2},"end":{"line":21,"column":3}},{"start":{},"end":{}}],"line":18},"1":{"loc":{"start":{"line":23,"column":2},"end":{"line":29,"column":3}},"type":"if","locations":[{"start":{"line":23,"column":2},"end":{"line":29,"column":3}},{"start":{},"end":{}}],"line":23},"2":{"loc":{"start":{"line":31,"column":2},"end":{"line":34,"column":3}},"type":"if","locations":[{"start":{"line":31,"column":2},"end":{"line":34,"column":3}},{"start":{},"end":{}}],"line":31},"3":{"loc":{"start":{"line":38,"column":4},"end":{"line":40,"column":5}},"type":"if","locations":[{"start":{"line":38,"column":4},"end":{"line":40,"column":5}},{"start":{},"end":{}}],"line":38},"4":{"loc":{"start":{"line":45,"column":4},"end":{"line":47,"column":5}},"type":"if","locations":[{"start":{"line":45,"column":4},"end":{"line":47,"column":5}},{"start":{},"end":{}}],"line":45},"5":{"loc":{"start":{"line":45,"column":8},"end":{"line":45,"column":68}},"type":"binary-expr","locations":[{"start":{"line":45,"column":8},"end":{"line":45,"column":13}},{"start":{"line":45,"column":18},"end":{"line":45,"column":38}},{"start":{"line":45,"column":42},"end":{"line":45,"column":67}}],"line":45},"6":{"loc":{"start":{"line":73,"column":4},"end":{"line":73,"column":28}},"type":"if","locations":[{"start":{"line":73,"column":4},"end":{"line":73,"column":28}},{"start":{},"end":{}}],"line":73}},"s":{"0":299,"1":0,"2":299,"3":91,"4":65,"5":91,"6":208,"7":0,"8":208,"9":1664,"10":676,"11":208,"12":621,"13":228,"14":6,"15":6,"16":0,"17":6,"18":6,"19":6,"20":0,"21":0,"22":3,"23":6,"24":6,"25":0,"26":6,"27":6,"28":6,"29":3},"f":{"0":299,"1":6,"2":6,"3":3,"4":6},"b":{"0":[0,299],"1":[91,208],"2":[0,208],"3":[676,988],"4":[228,393],"5":[621,527,436],"6":[0,6]},"_coverageSchema":"1a1c01bbd47fc00a2c39e90264f33305004495a9","hash":"a2e11e453ee9c66ca2390f5bde75106619e18aa1"}
,"/home/daniel/Workspace/metrics-js-ts/src/ast/executeMetric.js": {"path":"/home/daniel/Workspace/metrics-js-ts/src/ast/executeMetric.js","statementMap":{"0":{"start":{"line":7,"column":24},"end":{"line":7,"column":47}},"1":{"start":{"line":8,"column":20},"end":{"line":8,"column":22}},"2":{"start":{"line":10,"column":2},"end":{"line":45,"column":3}},"3":{"start":{"line":11,"column":20},"end":{"line":13,"column":10}},"4":{"start":{"line":15,"column":4},"end":{"line":15,"column":34}},"5":{"start":{"line":17,"column":4},"end":{"line":24,"column":5}},"6":{"start":{"line":18,"column":6},"end":{"line":23,"column":7}},"7":{"start":{"line":19,"column":8},"end":{"line":19,"column":72}},"8":{"start":{"line":21,"column":8},"end":{"line":22,"column":72}},"9":{"start":{"line":26,"column":25},"end":{"line":28,"column":25}},"10":{"start":{"line":30,"column":4},"end":{"line":39,"column":5}},"11":{"start":{"line":31,"column":6},"end":{"line":38,"column":7}},"12":{"start":{"line":32,"column":8},"end":{"line":37,"column":9}},"13":{"start":{"line":33,"column":10},"end":{"line":33,"column":61}},"14":{"start":{"line":35,"column":10},"end":{"line":36,"column":90}},"15":{"start":{"line":41,"column":4},"end":{"line":43,"column":5}},"16":{"start":{"line":42,"column":6},"end":{"line":42,"column":41}},"17":{"start":{"line":44,"column":4},"end":{"line":44,"column":52}},"18":{"start":{"line":47,"column":15},"end":{"line":47,"column":17}},"19":{"start":{"line":49,"column":2},"end":{"line":56,"column":3}},"20":{"start":{"line":50,"column":4},"end":{"line":52,"column":5}},"21":{"start":{"line":51,"column":6},"end":{"line":51,"column":14}},"22":{"start":{"line":54,"column":4},"end":{"line":54,"column":42}},"23":{"start":{"line":55,"column":4},"end":{"line":55,"column":37}},"24":{"start":{"line":58,"column":2},"end":{"line":58,"column":50}},"25":{"start":{"line":59,"column":2},"end":{"line":59,"column":52}},"26":{"start":{"line":60,"column":2},"end":{"line":60,"column":56}},"27":{"start":{"line":62,"column":2},"end":{"line":62,"column":15}}},"fnMap":{"0":{"name":"executeMetrics","decl":{"start":{"line":6,"column":15},"end":{"line":6,"column":29}},"loc":{"start":{"line":6,"column":52},"end":{"line":63,"column":1}},"line":6}},"branchMap":{"0":{"loc":{"start":{"line":11,"column":20},"end":{"line":13,"column":10}},"type":"cond-expr","locations":[{"start":{"line":12,"column":8},"end":{"line":12,"column":33}},{"start":{"line":13,"column":8},"end":{"line":13,"column":10}}],"line":11},"1":{"loc":{"start":{"line":18,"column":6},"end":{"line":23,"column":7}},"type":"if","locations":[{"start":{"line":18,"column":6},"end":{"line":23,"column":7}},{"start":{"line":20,"column":13},"end":{"line":23,"column":7}}],"line":18},"2":{"loc":{"start":{"line":26,"column":25},"end":{"line":28,"column":25}},"type":"cond-expr","locations":[{"start":{"line":27,"column":8},"end":{"line":27,"column":23}},{"start":{"line":28,"column":8},"end":{"line":28,"column":25}}],"line":26},"3":{"loc":{"start":{"line":41,"column":4},"end":{"line":43,"column":5}},"type":"if","locations":[{"start":{"line":41,"column":4},"end":{"line":43,"column":5}},{"start":{},"end":{}}],"line":41},"4":{"loc":{"start":{"line":50,"column":4},"end":{"line":52,"column":5}},"type":"if","locations":[{"start":{"line":50,"column":4},"end":{"line":52,"column":5}},{"start":{},"end":{}}],"line":50}},"s":{"0":3,"1":3,"2":3,"3":21,"4":21,"5":21,"6":21,"7":21,"8":0,"9":21,"10":21,"11":21,"12":42,"13":42,"14":3,"15":21,"16":21,"17":21,"18":3,"19":3,"20":21,"21":3,"22":18,"23":18,"24":3,"25":3,"26":3,"27":3},"f":{"0":3},"b":{"0":[18,3],"1":[21,0],"2":[0,21],"3":[21,0],"4":[3,18]},"_coverageSchema":"1a1c01bbd47fc00a2c39e90264f33305004495a9","hash":"2b55052013cb1a5a1aa33d174661eebe083178df"}
,"/home/daniel/Workspace/metrics-js-ts/src/constants/constants.js": {"path":"/home/daniel/Workspace/metrics-js-ts/src/constants/constants.js","statementMap":{"0":{"start":{"line":1,"column":28},"end":{"line":1,"column":43}},"1":{"start":{"line":2,"column":37},"end":{"line":2,"column":53}},"2":{"start":{"line":3,"column":38},"end":{"line":3,"column":52}},"3":{"start":{"line":5,"column":29},"end":{"line":5,"column":36}},"4":{"start":{"line":7,"column":28},"end":{"line":7,"column":33}},"5":{"start":{"line":8,"column":28},"end":{"line":8,"column":33}},"6":{"start":{"line":10,"column":26},"end":{"line":10,"column":30}},"7":{"start":{"line":12,"column":36},"end":{"line":18,"column":1}},"8":{"start":{"line":20,"column":28},"end":{"line":20,"column":37}},"9":{"start":{"line":22,"column":24},"end":{"line":38,"column":1}},"10":{"start":{"line":40,"column":32},"end":{"line":40,"column":92}},"11":{"start":{"line":46,"column":30},"end":{"line":54,"column":15}}},"fnMap":{},"branchMap":{},"s":{"0":3,"1":3,"2":3,"3":3,"4":3,"5":3,"6":3,"7":3,"8":3,"9":3,"10":3,"11":3},"f":{},"b":{},"_coverageSchema":"1a1c01bbd47fc00a2c39e90264f33305004495a9","hash":"e4af4358ba0953949f5e9a4281ffe59b203cd2a9"}
,"/home/daniel/Workspace/metrics-js-ts/src/data-structures/leftistMinHeap.js": {"path":"/home/daniel/Workspace/metrics-js-ts/src/data-structures/leftistMinHeap.js","statementMap":{"0":{"start":{"line":22,"column":17},"end":{"line":23,"column":32}},"1":{"start":{"line":23,"column":3},"end":{"line":23,"column":31}},"2":{"start":{"line":35,"column":13},"end":{"line":35,"column":45}},"3":{"start":{"line":35,"column":21},"end":{"line":35,"column":44}},"4":{"start":{"line":53,"column":14},"end":{"line":69,"column":1}},"5":{"start":{"line":54,"column":2},"end":{"line":54,"column":28}},"6":{"start":{"line":54,"column":19},"end":{"line":54,"column":28}},"7":{"start":{"line":55,"column":2},"end":{"line":55,"column":28}},"8":{"start":{"line":55,"column":19},"end":{"line":55,"column":28}},"9":{"start":{"line":58,"column":2},"end":{"line":58,"column":65}},"10":{"start":{"line":58,"column":45},"end":{"line":58,"column":65}},"11":{"start":{"line":61,"column":22},"end":{"line":61,"column":41}},"12":{"start":{"line":64,"column":13},"end":{"line":64,"column":20}},"13":{"start":{"line":64,"column":30},"end":{"line":64,"column":41}},"14":{"start":{"line":65,"column":2},"end":{"line":65,"column":61}},"15":{"start":{"line":65,"column":32},"end":{"line":65,"column":61}},"16":{"start":{"line":68,"column":2},"end":{"line":68,"column":57}},"17":{"start":{"line":72,"column":14},"end":{"line":72,"column":18}},"18":{"start":{"line":87,"column":15},"end":{"line":87,"column":46}},"19":{"start":{"line":87,"column":25},"end":{"line":87,"column":46}},"20":{"start":{"line":100,"column":16},"end":{"line":100,"column":52}},"21":{"start":{"line":100,"column":24},"end":{"line":100,"column":51}},"22":{"start":{"line":115,"column":18},"end":{"line":115,"column":69}},"23":{"start":{"line":115,"column":26},"end":{"line":115,"column":68}},"24":{"start":{"line":126,"column":16},"end":{"line":126,"column":33}},"25":{"start":{"line":126,"column":23},"end":{"line":126,"column":33}}},"fnMap":{"0":{"name":"(anonymous_0)","decl":{"start":{"line":22,"column":17},"end":{"line":22,"column":18}},"loc":{"start":{"line":23,"column":3},"end":{"line":23,"column":31}},"line":23},"1":{"name":"(anonymous_1)","decl":{"start":{"line":35,"column":13},"end":{"line":35,"column":14}},"loc":{"start":{"line":35,"column":21},"end":{"line":35,"column":44}},"line":35},"2":{"name":"(anonymous_2)","decl":{"start":{"line":53,"column":14},"end":{"line":53,"column":15}},"loc":{"start":{"line":53,"column":26},"end":{"line":69,"column":1}},"line":53},"3":{"name":"(anonymous_3)","decl":{"start":{"line":87,"column":15},"end":{"line":87,"column":16}},"loc":{"start":{"line":87,"column":25},"end":{"line":87,"column":46}},"line":87},"4":{"name":"(anonymous_4)","decl":{"start":{"line":100,"column":16},"end":{"line":100,"column":17}},"loc":{"start":{"line":100,"column":24},"end":{"line":100,"column":51}},"line":100},"5":{"name":"(anonymous_5)","decl":{"start":{"line":115,"column":18},"end":{"line":115,"column":19}},"loc":{"start":{"line":115,"column":26},"end":{"line":115,"column":68}},"line":115},"6":{"name":"(anonymous_6)","decl":{"start":{"line":126,"column":16},"end":{"line":126,"column":17}},"loc":{"start":{"line":126,"column":23},"end":{"line":126,"column":33}},"line":126}},"branchMap":{"0":{"loc":{"start":{"line":22,"column":25},"end":{"line":22,"column":36}},"type":"default-arg","locations":[{"start":{"line":22,"column":32},"end":{"line":22,"column":36}}],"line":22},"1":{"loc":{"start":{"line":22,"column":38},"end":{"line":22,"column":50}},"type":"default-arg","locations":[{"start":{"line":22,"column":46},"end":{"line":22,"column":50}}],"line":22},"2":{"loc":{"start":{"line":22,"column":52},"end":{"line":22,"column":60}},"type":"default-arg","locations":[{"start":{"line":22,"column":59},"end":{"line":22,"column":60}}],"line":22},"3":{"loc":{"start":{"line":35,"column":21},"end":{"line":35,"column":44}},"type":"cond-expr","locations":[{"start":{"line":35,"column":34},"end":{"line":35,"column":35}},{"start":{"line":35,"column":38},"end":{"line":35,"column":44}}],"line":35},"4":{"loc":{"start":{"line":54,"column":2},"end":{"line":54,"column":28}},"type":"if","locations":[{"start":{"line":54,"column":2},"end":{"line":54,"column":28}},{"start":{},"end":{}}],"line":54},"5":{"loc":{"start":{"line":55,"column":2},"end":{"line":55,"column":28}},"type":"if","locations":[{"start":{"line":55,"column":2},"end":{"line":55,"column":28}},{"start":{},"end":{}}],"line":55},"6":{"loc":{"start":{"line":58,"column":2},"end":{"line":58,"column":65}},"type":"if","locations":[{"start":{"line":58,"column":2},"end":{"line":58,"column":65}},{"start":{},"end":{}}],"line":58},"7":{"loc":{"start":{"line":65,"column":2},"end":{"line":65,"column":61}},"type":"if","locations":[{"start":{"line":65,"column":2},"end":{"line":65,"column":61}},{"start":{},"end":{}}],"line":65},"8":{"loc":{"start":{"line":100,"column":24},"end":{"line":100,"column":51}},"type":"cond-expr","locations":[{"start":{"line":100,"column":37},"end":{"line":100,"column":41}},{"start":{"line":100,"column":44},"end":{"line":100,"column":51}}],"line":100},"9":{"loc":{"start":{"line":115,"column":26},"end":{"line":115,"column":68}},"type":"cond-expr","locations":[{"start":{"line":115,"column":39},"end":{"line":115,"column":43}},{"start":{"line":115,"column":46},"end":{"line":115,"column":68}}],"line":115}},"s":{"0":5,"1":88,"2":5,"3":117,"4":5,"5":138,"6":51,"7":87,"8":30,"9":57,"10":19,"11":38,"12":38,"13":38,"14":38,"15":23,"16":38,"17":5,"18":5,"19":35,"20":5,"21":45,"22":5,"23":37,"24":5,"25":44},"f":{"0":88,"1":117,"2":138,"3":35,"4":45,"5":37,"6":44},"b":{"0":[48],"1":[48],"2":[48],"3":[48,69],"4":[51,87],"5":[30,57],"6":[19,38],"7":[23,15],"8":[2,43],"9":[0,37]},"_coverageSchema":"1a1c01bbd47fc00a2c39e90264f33305004495a9","hash":"a7c5ca82c5257f93022e5c8305d66dd6ac094d6e"}
,"/home/daniel/Workspace/metrics-js-ts/src/files/fileReader.js": {"path":"/home/daniel/Workspace/metrics-js-ts/src/files/fileReader.js","statementMap":{"0":{"start":{"line":10,"column":16},"end":{"line":10,"column":68}},"1":{"start":{"line":11,"column":23},"end":{"line":11,"column":25}},"2":{"start":{"line":13,"column":2},"end":{"line":31,"column":5}},"3":{"start":{"line":14,"column":25},"end":{"line":14,"column":59}},"4":{"start":{"line":16,"column":4},"end":{"line":20,"column":5}},"5":{"start":{"line":19,"column":6},"end":{"line":19,"column":12}},"6":{"start":{"line":22,"column":4},"end":{"line":30,"column":5}},"7":{"start":{"line":23,"column":23},"end":{"line":23,"column":69}},"8":{"start":{"line":24,"column":6},"end":{"line":24,"column":36}},"9":{"start":{"line":25,"column":11},"end":{"line":30,"column":5}},"10":{"start":{"line":26,"column":6},"end":{"line":29,"column":8}},"11":{"start":{"line":33,"column":2},"end":{"line":33,"column":21}},"12":{"start":{"line":37,"column":22},"end":{"line":37,"column":44}},"13":{"start":{"line":38,"column":2},"end":{"line":38,"column":47}}},"fnMap":{"0":{"name":"readDirectory","decl":{"start":{"line":9,"column":15},"end":{"line":9,"column":28}},"loc":{"start":{"line":9,"column":54},"end":{"line":34,"column":1}},"line":9},"1":{"name":"(anonymous_1)","decl":{"start":{"line":13,"column":30},"end":{"line":13,"column":31}},"loc":{"start":{"line":13,"column":46},"end":{"line":31,"column":3}},"line":13},"2":{"name":"getFiles","decl":{"start":{"line":36,"column":15},"end":{"line":36,"column":23}},"loc":{"start":{"line":36,"column":31},"end":{"line":39,"column":1}},"line":36}},"branchMap":{"0":{"loc":{"start":{"line":16,"column":4},"end":{"line":20,"column":5}},"type":"if","locations":[{"start":{"line":16,"column":4},"end":{"line":20,"column":5}},{"start":{},"end":{}}],"line":16},"1":{"loc":{"start":{"line":16,"column":8},"end":{"line":18,"column":40}},"type":"binary-expr","locations":[{"start":{"line":16,"column":9},"end":{"line":16,"column":54}},{"start":{"line":17,"column":8},"end":{"line":17,"column":44}},{"start":{"line":18,"column":6},"end":{"line":18,"column":40}}],"line":16},"2":{"loc":{"start":{"line":22,"column":4},"end":{"line":30,"column":5}},"type":"if","locations":[{"start":{"line":22,"column":4},"end":{"line":30,"column":5}},{"start":{"line":25,"column":11},"end":{"line":30,"column":5}}],"line":22},"3":{"loc":{"start":{"line":25,"column":11},"end":{"line":30,"column":5}},"type":"if","locations":[{"start":{"line":25,"column":11},"end":{"line":30,"column":5}},{"start":{},"end":{}}],"line":25}},"s":{"0":13,"1":13,"2":13,"3":34,"4":34,"5":0,"6":34,"7":7,"8":7,"9":27,"10":27,"11":13,"12":6,"13":6},"f":{"0":13,"1":34,"2":6},"b":{"0":[0,34],"1":[34,0,34],"2":[7,27],"3":[27,0]},"_coverageSchema":"1a1c01bbd47fc00a2c39e90264f33305004495a9","hash":"8ffb76c0e809122e54df829633e87a5d8200ef58"}
,"/home/daniel/Workspace/metrics-js-ts/src/files/ignoreAndSupport.js": {"path":"/home/daniel/Workspace/metrics-js-ts/src/files/ignoreAndSupport.js","statementMap":{"0":{"start":{"line":13,"column":21},"end":{"line":13,"column":63}},"1":{"start":{"line":14,"column":20},"end":{"line":14,"column":22}},"2":{"start":{"line":16,"column":2},"end":{"line":26,"column":3}},"3":{"start":{"line":17,"column":4},"end":{"line":22,"column":5}},"4":{"start":{"line":17,"column":47},"end":{"line":17,"column":51}},"5":{"start":{"line":17,"column":65},"end":{"line":17,"column":70}},"6":{"start":{"line":18,"column":19},"end":{"line":18,"column":63}},"7":{"start":{"line":19,"column":6},"end":{"line":21,"column":21}},"8":{"start":{"line":20,"column":18},"end":{"line":20,"column":53}},"9":{"start":{"line":24,"column":4},"end":{"line":25,"column":12}},"10":{"start":{"line":28,"column":2},"end":{"line":28,"column":20}},"11":{"start":{"line":32,"column":14},"end":{"line":32,"column":50}},"12":{"start":{"line":33,"column":2},"end":{"line":33,"column":51}}},"fnMap":{"0":{"name":"getIgnored","decl":{"start":{"line":12,"column":15},"end":{"line":12,"column":25}},"loc":{"start":{"line":12,"column":37},"end":{"line":29,"column":1}},"line":12},"1":{"name":"(anonymous_1)","decl":{"start":{"line":17,"column":41},"end":{"line":17,"column":42}},"loc":{"start":{"line":17,"column":47},"end":{"line":17,"column":51}},"line":17},"2":{"name":"(anonymous_2)","decl":{"start":{"line":17,"column":59},"end":{"line":17,"column":60}},"loc":{"start":{"line":17,"column":65},"end":{"line":17,"column":70}},"line":17},"3":{"name":"(anonymous_3)","decl":{"start":{"line":20,"column":10},"end":{"line":20,"column":11}},"loc":{"start":{"line":20,"column":18},"end":{"line":20,"column":53}},"line":20},"4":{"name":"isSupported","decl":{"start":{"line":31,"column":9},"end":{"line":31,"column":20}},"loc":{"start":{"line":31,"column":32},"end":{"line":34,"column":1}},"line":31}},"branchMap":{"0":{"loc":{"start":{"line":17,"column":4},"end":{"line":22,"column":5}},"type":"if","locations":[{"start":{"line":17,"column":4},"end":{"line":22,"column":5}},{"start":{},"end":{}}],"line":17}},"s":{"0":6,"1":6,"2":6,"3":6,"4":0,"5":6,"6":0,"7":0,"8":0,"9":0,"10":6,"11":27,"12":27},"f":{"0":6,"1":0,"2":6,"3":0,"4":27},"b":{"0":[0,6]},"_coverageSchema":"1a1c01bbd47fc00a2c39e90264f33305004495a9","hash":"c082788d74624910016b5c5a7dca97abb923c64b"}
,"/home/daniel/Workspace/metrics-js-ts/src/loader/metricsLoader.js": {"path":"/home/daniel/Workspace/metrics-js-ts/src/loader/metricsLoader.js","statementMap":{"0":{"start":{"line":12,"column":20},"end":{"line":12,"column":22}},"1":{"start":{"line":14,"column":2},"end":{"line":16,"column":3}},"2":{"start":{"line":15,"column":4},"end":{"line":15,"column":68}},"3":{"start":{"line":18,"column":2},"end":{"line":21,"column":3}},"4":{"start":{"line":19,"column":34},"end":{"line":19,"column":67}},"5":{"start":{"line":20,"column":4},"end":{"line":20,"column":59}},"6":{"start":{"line":23,"column":2},"end":{"line":23,"column":20}},"7":{"start":{"line":27,"column":46},"end":{"line":27,"column":73}},"8":{"start":{"line":29,"column":2},"end":{"line":32,"column":3}},"9":{"start":{"line":30,"column":4},"end":{"line":31,"column":97}},"10":{"start":{"line":34,"column":2},"end":{"line":37,"column":3}},"11":{"start":{"line":35,"column":4},"end":{"line":36,"column":69}},"12":{"start":{"line":39,"column":2},"end":{"line":42,"column":3}},"13":{"start":{"line":40,"column":4},"end":{"line":41,"column":123}},"14":{"start":{"line":44,"column":2},"end":{"line":44,"column":44}},"15":{"start":{"line":48,"column":25},"end":{"line":48,"column":27}},"16":{"start":{"line":50,"column":2},"end":{"line":57,"column":3}},"17":{"start":{"line":51,"column":4},"end":{"line":56,"column":5}},"18":{"start":{"line":52,"column":21},"end":{"line":52,"column":45}},"19":{"start":{"line":53,"column":6},"end":{"line":53,"column":33}},"20":{"start":{"line":55,"column":6},"end":{"line":55,"column":42}},"21":{"start":{"line":59,"column":2},"end":{"line":59,"column":23}}},"fnMap":{"0":{"name":"loadMetricFiles","decl":{"start":{"line":10,"column":22},"end":{"line":10,"column":37}},"loc":{"start":{"line":11,"column":51},"end":{"line":24,"column":1}},"line":11},"1":{"name":"importMetric","decl":{"start":{"line":26,"column":15},"end":{"line":26,"column":27}},"loc":{"start":{"line":26,"column":35},"end":{"line":45,"column":1}},"line":26},"2":{"name":"loadMetricObjects","decl":{"start":{"line":47,"column":15},"end":{"line":47,"column":32}},"loc":{"start":{"line":47,"column":47},"end":{"line":60,"column":1}},"line":47}},"branchMap":{"0":{"loc":{"start":{"line":14,"column":2},"end":{"line":16,"column":3}},"type":"if","locations":[{"start":{"line":14,"column":2},"end":{"line":16,"column":3}},{"start":{},"end":{}}],"line":14},"1":{"loc":{"start":{"line":18,"column":2},"end":{"line":21,"column":3}},"type":"if","locations":[{"start":{"line":18,"column":2},"end":{"line":21,"column":3}},{"start":{},"end":{}}],"line":18},"2":{"loc":{"start":{"line":29,"column":2},"end":{"line":32,"column":3}},"type":"if","locations":[{"start":{"line":29,"column":2},"end":{"line":32,"column":3}},{"start":{},"end":{}}],"line":29},"3":{"loc":{"start":{"line":29,"column":6},"end":{"line":29,"column":25}},"type":"binary-expr","locations":[{"start":{"line":29,"column":6},"end":{"line":29,"column":12}},{"start":{"line":29,"column":16},"end":{"line":29,"column":25}}],"line":29},"4":{"loc":{"start":{"line":34,"column":2},"end":{"line":37,"column":3}},"type":"if","locations":[{"start":{"line":34,"column":2},"end":{"line":37,"column":3}},{"start":{},"end":{}}],"line":34},"5":{"loc":{"start":{"line":39,"column":2},"end":{"line":42,"column":3}},"type":"if","locations":[{"start":{"line":39,"column":2},"end":{"line":42,"column":3}},{"start":{},"end":{}}],"line":39}},"s":{"0":3,"1":3,"2":3,"3":3,"4":0,"5":0,"6":3,"7":21,"8":21,"9":0,"10":21,"11":0,"12":21,"13":0,"14":21,"15":3,"16":3,"17":21,"18":21,"19":21,"20":0,"21":3},"f":{"0":3,"1":21,"2":3},"b":{"0":[3,0],"1":[0,3],"2":[0,21],"3":[21,21],"4":[0,21],"5":[0,21]},"_coverageSchema":"1a1c01bbd47fc00a2c39e90264f33305004495a9","hash":"c88c028afca33dfae84158e305615b72cd7dae6f"}
,"/home/daniel/Workspace/metrics-js-ts/src/logger/logger.js": {"path":"/home/daniel/Workspace/metrics-js-ts/src/logger/logger.js","statementMap":{"0":{"start":{"line":3,"column":4},"end":{"line":3,"column":25}},"1":{"start":{"line":4,"column":4},"end":{"line":4,"column":26}},"2":{"start":{"line":5,"column":4},"end":{"line":5,"column":28}},"3":{"start":{"line":9,"column":4},"end":{"line":11,"column":5}},"4":{"start":{"line":10,"column":6},"end":{"line":10,"column":46}},"5":{"start":{"line":12,"column":4},"end":{"line":12,"column":31}},"6":{"start":{"line":16,"column":4},"end":{"line":16,"column":30}},"7":{"start":{"line":20,"column":4},"end":{"line":20,"column":31}},"8":{"start":{"line":24,"column":4},"end":{"line":24,"column":33}},"9":{"start":{"line":28,"column":4},"end":{"line":28,"column":32}},"10":{"start":{"line":32,"column":4},"end":{"line":32,"column":33}},"11":{"start":{"line":36,"column":4},"end":{"line":36,"column":35}},"12":{"start":{"line":40,"column":4},"end":{"line":43,"column":5}},"13":{"start":{"line":41,"column":6},"end":{"line":41,"column":50}},"14":{"start":{"line":42,"column":6},"end":{"line":42,"column":73}},"15":{"start":{"line":42,"column":41},"end":{"line":42,"column":72}},"16":{"start":{"line":44,"column":4},"end":{"line":47,"column":5}},"17":{"start":{"line":45,"column":6},"end":{"line":45,"column":54}},"18":{"start":{"line":46,"column":6},"end":{"line":46,"column":74}},"19":{"start":{"line":46,"column":42},"end":{"line":46,"column":73}},"20":{"start":{"line":48,"column":4},"end":{"line":51,"column":5}},"21":{"start":{"line":49,"column":6},"end":{"line":49,"column":53}},"22":{"start":{"line":50,"column":6},"end":{"line":50,"column":76}},"23":{"start":{"line":50,"column":44},"end":{"line":50,"column":75}},"24":{"start":{"line":55,"column":22},"end":{"line":55,"column":47}}},"fnMap":{"0":{"name":"(anonymous_0)","decl":{"start":{"line":2,"column":2},"end":{"line":2,"column":3}},"loc":{"start":{"line":2,"column":17},"end":{"line":6,"column":3}},"line":2},"1":{"name":"(anonymous_1)","decl":{"start":{"line":8,"column":2},"end":{"line":8,"column":3}},"loc":{"start":{"line":8,"column":24},"end":{"line":13,"column":3}},"line":8},"2":{"name":"(anonymous_2)","decl":{"start":{"line":15,"column":2},"end":{"line":15,"column":3}},"loc":{"start":{"line":15,"column":22},"end":{"line":17,"column":3}},"line":15},"3":{"name":"(anonymous_3)","decl":{"start":{"line":19,"column":2},"end":{"line":19,"column":3}},"loc":{"start":{"line":19,"column":23},"end":{"line":21,"column":3}},"line":19},"4":{"name":"(anonymous_4)","decl":{"start":{"line":23,"column":2},"end":{"line":23,"column":3}},"loc":{"start":{"line":23,"column":25},"end":{"line":25,"column":3}},"line":23},"5":{"name":"(anonymous_5)","decl":{"start":{"line":27,"column":2},"end":{"line":27,"column":3}},"loc":{"start":{"line":27,"column":20},"end":{"line":29,"column":3}},"line":27},"6":{"name":"(anonymous_6)","decl":{"start":{"line":31,"column":2},"end":{"line":31,"column":3}},"loc":{"start":{"line":31,"column":21},"end":{"line":33,"column":3}},"line":31},"7":{"name":"(anonymous_7)","decl":{"start":{"line":35,"column":2},"end":{"line":35,"column":3}},"loc":{"start":{"line":35,"column":23},"end":{"line":37,"column":3}},"line":35},"8":{"name":"(anonymous_8)","decl":{"start":{"line":39,"column":2},"end":{"line":39,"column":3}},"loc":{"start":{"line":39,"column":11},"end":{"line":52,"column":3}},"line":39},"9":{"name":"(anonymous_9)","decl":{"start":{"line":42,"column":31},"end":{"line":42,"column":32}},"loc":{"start":{"line":42,"column":41},"end":{"line":42,"column":72}},"line":42},"10":{"name":"(anonymous_10)","decl":{"start":{"line":46,"column":32},"end":{"line":46,"column":33}},"loc":{"start":{"line":46,"column":42},"end":{"line":46,"column":73}},"line":46},"11":{"name":"(anonymous_11)","decl":{"start":{"line":50,"column":34},"end":{"line":50,"column":35}},"loc":{"start":{"line":50,"column":44},"end":{"line":50,"column":75}},"line":50}},"branchMap":{"0":{"loc":{"start":{"line":9,"column":4},"end":{"line":11,"column":5}},"type":"if","locations":[{"start":{"line":9,"column":4},"end":{"line":11,"column":5}},{"start":{},"end":{}}],"line":9},"1":{"loc":{"start":{"line":40,"column":4},"end":{"line":43,"column":5}},"type":"if","locations":[{"start":{"line":40,"column":4},"end":{"line":43,"column":5}},{"start":{},"end":{}}],"line":40},"2":{"loc":{"start":{"line":44,"column":4},"end":{"line":47,"column":5}},"type":"if","locations":[{"start":{"line":44,"column":4},"end":{"line":47,"column":5}},{"start":{},"end":{}}],"line":44},"3":{"loc":{"start":{"line":48,"column":4},"end":{"line":51,"column":5}},"type":"if","locations":[{"start":{"line":48,"column":4},"end":{"line":51,"column":5}},{"start":{},"end":{}}],"line":48}},"s":{"0":3,"1":3,"2":3,"3":3,"4":3,"5":3,"6":0,"7":0,"8":3,"9":3,"10":3,"11":3,"12":0,"13":0,"14":0,"15":0,"16":0,"17":0,"18":0,"19":0,"20":0,"21":0,"22":0,"23":0,"24":3},"f":{"0":3,"1":3,"2":0,"3":0,"4":3,"5":3,"6":3,"7":3,"8":0,"9":0,"10":0,"11":0},"b":{"0":[3,0],"1":[0,0],"2":[0,0],"3":[0,0]},"_coverageSchema":"1a1c01bbd47fc00a2c39e90264f33305004495a9","hash":"683b1125486d02cb994a057573da664d274fa905"}
,"/home/daniel/Workspace/metrics-js-ts/src/metrics/classCoupling.metric.js": {"path":"/home/daniel/Workspace/metrics-js-ts/src/metrics/classCoupling.metric.js","statementMap":{"0":{"start":{"line":1,"column":14},"end":{"line":8,"column":1}},"1":{"start":{"line":10,"column":17},"end":{"line":1440,"column":1}},"2":{"start":{"line":13,"column":4},"end":{"line":13,"column":42}},"3":{"start":{"line":14,"column":4},"end":{"line":14,"column":95}},"4":{"start":{"line":18,"column":17},"end":{"line":18,"column":26}},"5":{"start":{"line":19,"column":23},"end":{"line":19,"column":38}},"6":{"start":{"line":28,"column":4},"end":{"line":308,"column":5}},"7":{"start":{"line":35,"column":6},"end":{"line":39,"column":7}},"8":{"start":{"line":38,"column":8},"end":{"line":38,"column":14}},"9":{"start":{"line":41,"column":26},"end":{"line":41,"column":38}},"10":{"start":{"line":43,"column":6},"end":{"line":307,"column":8}},"11":{"start":{"line":45,"column":10},"end":{"line":305,"column":12}},"12":{"start":{"line":52,"column":33},"end":{"line":52,"column":56}},"13":{"start":{"line":53,"column":34},"end":{"line":53,"column":59}},"14":{"start":{"line":54,"column":33},"end":{"line":54,"column":47}},"15":{"start":{"line":56,"column":26},"end":{"line":56,"column":31}},"16":{"start":{"line":57,"column":38},"end":{"line":57,"column":39}},"17":{"start":{"line":58,"column":35},"end":{"line":58,"column":37}},"18":{"start":{"line":60,"column":14},"end":{"line":74,"column":15}},"19":{"start":{"line":62,"column":16},"end":{"line":73,"column":17}},"20":{"start":{"line":64,"column":18},"end":{"line":71,"column":19}},"21":{"start":{"line":65,"column":20},"end":{"line":69,"column":21}},"22":{"start":{"line":66,"column":22},"end":{"line":66,"column":34}},"23":{"start":{"line":67,"column":22},"end":{"line":67,"column":47}},"24":{"start":{"line":68,"column":22},"end":{"line":68,"column":27}},"25":{"start":{"line":70,"column":20},"end":{"line":70,"column":39}},"26":{"start":{"line":72,"column":18},"end":{"line":72,"column":23}},"27":{"start":{"line":76,"column":38},"end":{"line":76,"column":39}},"28":{"start":{"line":78,"column":14},"end":{"line":95,"column":15}},"29":{"start":{"line":79,"column":16},"end":{"line":84,"column":17}},"30":{"start":{"line":80,"column":18},"end":{"line":82,"column":19}},"31":{"start":{"line":81,"column":20},"end":{"line":81,"column":25}},"32":{"start":{"line":83,"column":18},"end":{"line":83,"column":37}},"33":{"start":{"line":87,"column":16},"end":{"line":94,"column":17}},"34":{"start":{"line":88,"column":47},"end":{"line":89,"column":39}},"35":{"start":{"line":90,"column":18},"end":{"line":92,"column":19}},"36":{"start":{"line":91,"column":20},"end":{"line":91,"column":25}},"37":{"start":{"line":93,"column":18},"end":{"line":93,"column":37}},"38":{"start":{"line":97,"column":14},"end":{"line":97,"column":79}},"39":{"start":{"line":97,"column":50},"end":{"line":97,"column":79}},"40":{"start":{"line":99,"column":14},"end":{"line":127,"column":15}},"41":{"start":{"line":100,"column":16},"end":{"line":102,"column":17}},"42":{"start":{"line":101,"column":18},"end":{"line":101,"column":97}},"43":{"start":{"line":104,"column":16},"end":{"line":106,"column":17}},"44":{"start":{"line":105,"column":18},"end":{"line":105,"column":110}},"45":{"start":{"line":108,"column":16},"end":{"line":110,"column":17}},"46":{"start":{"line":109,"column":18},"end":{"line":109,"column":123}},"47":{"start":{"line":112,"column":16},"end":{"line":112,"column":119}},"48":{"start":{"line":114,"column":16},"end":{"line":116,"column":17}},"49":{"start":{"line":115,"column":18},"end":{"line":115,"column":93}},"50":{"start":{"line":118,"column":16},"end":{"line":120,"column":17}},"51":{"start":{"line":119,"column":18},"end":{"line":119,"column":106}},"52":{"start":{"line":122,"column":16},"end":{"line":124,"column":17}},"53":{"start":{"line":123,"column":18},"end":{"line":123,"column":119}},"54":{"start":{"line":126,"column":16},"end":{"line":126,"column":115}},"55":{"start":{"line":134,"column":14},"end":{"line":218,"column":15}},"56":{"start":{"line":138,"column":35},"end":{"line":138,"column":58}},"57":{"start":{"line":139,"column":34},"end":{"line":139,"column":137}},"58":{"start":{"line":141,"column":16},"end":{"line":143,"column":17}},"59":{"start":{"line":142,"column":18},"end":{"line":142,"column":64}},"60":{"start":{"line":145,"column":35},"end":{"line":145,"column":69}},"61":{"start":{"line":147,"column":28},"end":{"line":147,"column":33}},"62":{"start":{"line":148,"column":40},"end":{"line":148,"column":41}},"63":{"start":{"line":149,"column":37},"end":{"line":149,"column":39}},"64":{"start":{"line":151,"column":16},"end":{"line":168,"column":17}},"65":{"start":{"line":154,"column":18},"end":{"line":167,"column":19}},"66":{"start":{"line":156,"column":20},"end":{"line":165,"column":21}},"67":{"start":{"line":157,"column":51},"end":{"line":158,"column":43}},"68":{"start":{"line":159,"column":22},"end":{"line":163,"column":23}},"69":{"start":{"line":160,"column":24},"end":{"line":160,"column":36}},"70":{"start":{"line":161,"column":24},"end":{"line":161,"column":49}},"71":{"start":{"line":162,"column":24},"end":{"line":162,"column":29}},"72":{"start":{"line":164,"column":22},"end":{"line":164,"column":41}},"73":{"start":{"line":166,"column":20},"end":{"line":166,"column":25}},"74":{"start":{"line":170,"column":40},"end":{"line":170,"column":41}},"75":{"start":{"line":173,"column":16},"end":{"line":180,"column":17}},"76":{"start":{"line":174,"column":47},"end":{"line":175,"column":39}},"77":{"start":{"line":176,"column":18},"end":{"line":178,"column":19}},"78":{"start":{"line":177,"column":20},"end":{"line":177,"column":25}},"79":{"start":{"line":179,"column":18},"end":{"line":179,"column":37}},"80":{"start":{"line":182,"column":16},"end":{"line":183,"column":62}},"81":{"start":{"line":183,"column":33},"end":{"line":183,"column":62}},"82":{"start":{"line":184,"column":16},"end":{"line":185,"column":62}},"83":{"start":{"line":185,"column":33},"end":{"line":185,"column":62}},"84":{"start":{"line":187,"column":16},"end":{"line":215,"column":17}},"85":{"start":{"line":188,"column":18},"end":{"line":190,"column":19}},"86":{"start":{"line":189,"column":20},"end":{"line":189,"column":99}},"87":{"start":{"line":192,"column":18},"end":{"line":194,"column":19}},"88":{"start":{"line":193,"column":20},"end":{"line":193,"column":112}},"89":{"start":{"line":196,"column":18},"end":{"line":198,"column":19}},"90":{"start":{"line":197,"column":20},"end":{"line":197,"column":125}},"91":{"start":{"line":200,"column":18},"end":{"line":200,"column":121}},"92":{"start":{"line":202,"column":18},"end":{"line":204,"column":19}},"93":{"start":{"line":203,"column":20},"end":{"line":203,"column":95}},"94":{"start":{"line":206,"column":18},"end":{"line":208,"column":19}},"95":{"start":{"line":207,"column":20},"end":{"line":207,"column":108}},"96":{"start":{"line":210,"column":18},"end":{"line":212,"column":19}},"97":{"start":{"line":211,"column":20},"end":{"line":211,"column":121}},"98":{"start":{"line":214,"column":18},"end":{"line":214,"column":117}},"99":{"start":{"line":217,"column":16},"end":{"line":217,"column":22}},"100":{"start":{"line":225,"column":14},"end":{"line":303,"column":15}},"101":{"start":{"line":230,"column":35},"end":{"line":230,"column":58}},"102":{"start":{"line":231,"column":36},"end":{"line":231,"column":158}},"103":{"start":{"line":232,"column":35},"end":{"line":232,"column":69}},"104":{"start":{"line":234,"column":28},"end":{"line":234,"column":33}},"105":{"start":{"line":235,"column":40},"end":{"line":235,"column":41}},"106":{"start":{"line":236,"column":37},"end":{"line":236,"column":39}},"107":{"start":{"line":238,"column":16},"end":{"line":255,"column":17}},"108":{"start":{"line":241,"column":18},"end":{"line":254,"column":19}},"109":{"start":{"line":243,"column":20},"end":{"line":252,"column":21}},"110":{"start":{"line":244,"column":51},"end":{"line":245,"column":43}},"111":{"start":{"line":246,"column":22},"end":{"line":250,"column":23}},"112":{"start":{"line":247,"column":24},"end":{"line":247,"column":36}},"113":{"start":{"line":248,"column":24},"end":{"line":248,"column":49}},"114":{"start":{"line":249,"column":24},"end":{"line":249,"column":29}},"115":{"start":{"line":251,"column":22},"end":{"line":251,"column":41}},"116":{"start":{"line":253,"column":20},"end":{"line":253,"column":25}},"117":{"start":{"line":257,"column":40},"end":{"line":257,"column":41}},"118":{"start":{"line":260,"column":16},"end":{"line":267,"column":17}},"119":{"start":{"line":261,"column":47},"end":{"line":262,"column":39}},"120":{"start":{"line":263,"column":18},"end":{"line":265,"column":19}},"121":{"start":{"line":264,"column":20},"end":{"line":264,"column":25}},"122":{"start":{"line":266,"column":18},"end":{"line":266,"column":37}},"123":{"start":{"line":269,"column":16},"end":{"line":270,"column":62}},"124":{"start":{"line":270,"column":33},"end":{"line":270,"column":62}},"125":{"start":{"line":271,"column":16},"end":{"line":272,"column":62}},"126":{"start":{"line":272,"column":33},"end":{"line":272,"column":62}},"127":{"start":{"line":274,"column":16},"end":{"line":302,"column":17}},"128":{"start":{"line":275,"column":18},"end":{"line":277,"column":19}},"129":{"start":{"line":276,"column":20},"end":{"line":276,"column":99}},"130":{"start":{"line":279,"column":18},"end":{"line":281,"column":19}},"131":{"start":{"line":280,"column":20},"end":{"line":280,"column":112}},"132":{"start":{"line":283,"column":18},"end":{"line":285,"column":19}},"133":{"start":{"line":284,"column":20},"end":{"line":284,"column":125}},"134":{"start":{"line":287,"column":18},"end":{"line":287,"column":121}},"135":{"start":{"line":289,"column":18},"end":{"line":291,"column":19}},"136":{"start":{"line":290,"column":20},"end":{"line":290,"column":95}},"137":{"start":{"line":293,"column":18},"end":{"line":295,"column":19}},"138":{"start":{"line":294,"column":20},"end":{"line":294,"column":108}},"139":{"start":{"line":297,"column":18},"end":{"line":299,"column":19}},"140":{"start":{"line":298,"column":20},"end":{"line":298,"column":121}},"141":{"start":{"line":301,"column":18},"end":{"line":301,"column":117}},"142":{"start":{"line":314,"column":4},"end":{"line":585,"column":5}},"143":{"start":{"line":316,"column":26},"end":{"line":318,"column":70}},"144":{"start":{"line":320,"column":6},"end":{"line":584,"column":8}},"145":{"start":{"line":322,"column":10},"end":{"line":582,"column":12}},"146":{"start":{"line":329,"column":33},"end":{"line":329,"column":56}},"147":{"start":{"line":330,"column":34},"end":{"line":330,"column":59}},"148":{"start":{"line":331,"column":33},"end":{"line":331,"column":47}},"149":{"start":{"line":333,"column":26},"end":{"line":333,"column":31}},"150":{"start":{"line":334,"column":38},"end":{"line":334,"column":39}},"151":{"start":{"line":335,"column":35},"end":{"line":335,"column":37}},"152":{"start":{"line":337,"column":14},"end":{"line":351,"column":15}},"153":{"start":{"line":339,"column":16},"end":{"line":350,"column":17}},"154":{"start":{"line":341,"column":18},"end":{"line":348,"column":19}},"155":{"start":{"line":342,"column":20},"end":{"line":346,"column":21}},"156":{"start":{"line":343,"column":22},"end":{"line":343,"column":34}},"157":{"start":{"line":344,"column":22},"end":{"line":344,"column":47}},"158":{"start":{"line":345,"column":22},"end":{"line":345,"column":27}},"159":{"start":{"line":347,"column":20},"end":{"line":347,"column":39}},"160":{"start":{"line":349,"column":18},"end":{"line":349,"column":23}},"161":{"start":{"line":353,"column":38},"end":{"line":353,"column":39}},"162":{"start":{"line":355,"column":14},"end":{"line":372,"column":15}},"163":{"start":{"line":356,"column":16},"end":{"line":361,"column":17}},"164":{"start":{"line":357,"column":18},"end":{"line":359,"column":19}},"165":{"start":{"line":358,"column":20},"end":{"line":358,"column":25}},"166":{"start":{"line":360,"column":18},"end":{"line":360,"column":37}},"167":{"start":{"line":364,"column":16},"end":{"line":371,"column":17}},"168":{"start":{"line":365,"column":47},"end":{"line":366,"column":39}},"169":{"start":{"line":367,"column":18},"end":{"line":369,"column":19}},"170":{"start":{"line":368,"column":20},"end":{"line":368,"column":25}},"171":{"start":{"line":370,"column":18},"end":{"line":370,"column":37}},"172":{"start":{"line":374,"column":14},"end":{"line":374,"column":79}},"173":{"start":{"line":374,"column":50},"end":{"line":374,"column":79}},"174":{"start":{"line":376,"column":14},"end":{"line":404,"column":15}},"175":{"start":{"line":377,"column":16},"end":{"line":379,"column":17}},"176":{"start":{"line":378,"column":18},"end":{"line":378,"column":97}},"177":{"start":{"line":381,"column":16},"end":{"line":383,"column":17}},"178":{"start":{"line":382,"column":18},"end":{"line":382,"column":110}},"179":{"start":{"line":385,"column":16},"end":{"line":387,"column":17}},"180":{"start":{"line":386,"column":18},"end":{"line":386,"column":123}},"181":{"start":{"line":389,"column":16},"end":{"line":389,"column":119}},"182":{"start":{"line":391,"column":16},"end":{"line":393,"column":17}},"183":{"start":{"line":392,"column":18},"end":{"line":392,"column":93}},"184":{"start":{"line":395,"column":16},"end":{"line":397,"column":17}},"185":{"start":{"line":396,"column":18},"end":{"line":396,"column":106}},"186":{"start":{"line":399,"column":16},"end":{"line":401,"column":17}},"187":{"start":{"line":400,"column":18},"end":{"line":400,"column":119}},"188":{"start":{"line":403,"column":16},"end":{"line":403,"column":115}},"189":{"start":{"line":411,"column":14},"end":{"line":495,"column":15}},"190":{"start":{"line":415,"column":35},"end":{"line":415,"column":58}},"191":{"start":{"line":416,"column":34},"end":{"line":416,"column":137}},"192":{"start":{"line":418,"column":16},"end":{"line":420,"column":17}},"193":{"start":{"line":419,"column":18},"end":{"line":419,"column":64}},"194":{"start":{"line":422,"column":35},"end":{"line":422,"column":69}},"195":{"start":{"line":424,"column":28},"end":{"line":424,"column":33}},"196":{"start":{"line":425,"column":40},"end":{"line":425,"column":41}},"197":{"start":{"line":426,"column":37},"end":{"line":426,"column":39}},"198":{"start":{"line":428,"column":16},"end":{"line":445,"column":17}},"199":{"start":{"line":431,"column":18},"end":{"line":444,"column":19}},"200":{"start":{"line":433,"column":20},"end":{"line":442,"column":21}},"201":{"start":{"line":434,"column":51},"end":{"line":435,"column":43}},"202":{"start":{"line":436,"column":22},"end":{"line":440,"column":23}},"203":{"start":{"line":437,"column":24},"end":{"line":437,"column":36}},"204":{"start":{"line":438,"column":24},"end":{"line":438,"column":49}},"205":{"start":{"line":439,"column":24},"end":{"line":439,"column":29}},"206":{"start":{"line":441,"column":22},"end":{"line":441,"column":41}},"207":{"start":{"line":443,"column":20},"end":{"line":443,"column":25}},"208":{"start":{"line":447,"column":40},"end":{"line":447,"column":41}},"209":{"start":{"line":450,"column":16},"end":{"line":457,"column":17}},"210":{"start":{"line":451,"column":47},"end":{"line":452,"column":39}},"211":{"start":{"line":453,"column":18},"end":{"line":455,"column":19}},"212":{"start":{"line":454,"column":20},"end":{"line":454,"column":25}},"213":{"start":{"line":456,"column":18},"end":{"line":456,"column":37}},"214":{"start":{"line":459,"column":16},"end":{"line":460,"column":62}},"215":{"start":{"line":460,"column":33},"end":{"line":460,"column":62}},"216":{"start":{"line":461,"column":16},"end":{"line":462,"column":62}},"217":{"start":{"line":462,"column":33},"end":{"line":462,"column":62}},"218":{"start":{"line":464,"column":16},"end":{"line":492,"column":17}},"219":{"start":{"line":465,"column":18},"end":{"line":467,"column":19}},"220":{"start":{"line":466,"column":20},"end":{"line":466,"column":99}},"221":{"start":{"line":469,"column":18},"end":{"line":471,"column":19}},"222":{"start":{"line":470,"column":20},"end":{"line":470,"column":112}},"223":{"start":{"line":473,"column":18},"end":{"line":475,"column":19}},"224":{"start":{"line":474,"column":20},"end":{"line":474,"column":125}},"225":{"start":{"line":477,"column":18},"end":{"line":477,"column":121}},"226":{"start":{"line":479,"column":18},"end":{"line":481,"column":19}},"227":{"start":{"line":480,"column":20},"end":{"line":480,"column":95}},"228":{"start":{"line":483,"column":18},"end":{"line":485,"column":19}},"229":{"start":{"line":484,"column":20},"end":{"line":484,"column":108}},"230":{"start":{"line":487,"column":18},"end":{"line":489,"column":19}},"231":{"start":{"line":488,"column":20},"end":{"line":488,"column":121}},"232":{"start":{"line":491,"column":18},"end":{"line":491,"column":117}},"233":{"start":{"line":494,"column":16},"end":{"line":494,"column":22}},"234":{"start":{"line":502,"column":14},"end":{"line":580,"column":15}},"235":{"start":{"line":507,"column":35},"end":{"line":507,"column":58}},"236":{"start":{"line":508,"column":36},"end":{"line":508,"column":158}},"237":{"start":{"line":509,"column":35},"end":{"line":509,"column":69}},"238":{"start":{"line":511,"column":28},"end":{"line":511,"column":33}},"239":{"start":{"line":512,"column":40},"end":{"line":512,"column":41}},"240":{"start":{"line":513,"column":37},"end":{"line":513,"column":39}},"241":{"start":{"line":515,"column":16},"end":{"line":532,"column":17}},"242":{"start":{"line":518,"column":18},"end":{"line":531,"column":19}},"243":{"start":{"line":520,"column":20},"end":{"line":529,"column":21}},"244":{"start":{"line":521,"column":51},"end":{"line":522,"column":43}},"245":{"start":{"line":523,"column":22},"end":{"line":527,"column":23}},"246":{"start":{"line":524,"column":24},"end":{"line":524,"column":36}},"247":{"start":{"line":525,"column":24},"end":{"line":525,"column":49}},"248":{"start":{"line":526,"column":24},"end":{"line":526,"column":29}},"249":{"start":{"line":528,"column":22},"end":{"line":528,"column":41}},"250":{"start":{"line":530,"column":20},"end":{"line":530,"column":25}},"251":{"start":{"line":534,"column":40},"end":{"line":534,"column":41}},"252":{"start":{"line":537,"column":16},"end":{"line":544,"column":17}},"253":{"start":{"line":538,"column":47},"end":{"line":539,"column":39}},"254":{"start":{"line":540,"column":18},"end":{"line":542,"column":19}},"255":{"start":{"line":541,"column":20},"end":{"line":541,"column":25}},"256":{"start":{"line":543,"column":18},"end":{"line":543,"column":37}},"257":{"start":{"line":546,"column":16},"end":{"line":547,"column":62}},"258":{"start":{"line":547,"column":33},"end":{"line":547,"column":62}},"259":{"start":{"line":548,"column":16},"end":{"line":549,"column":62}},"260":{"start":{"line":549,"column":33},"end":{"line":549,"column":62}},"261":{"start":{"line":551,"column":16},"end":{"line":579,"column":17}},"262":{"start":{"line":552,"column":18},"end":{"line":554,"column":19}},"263":{"start":{"line":553,"column":20},"end":{"line":553,"column":99}},"264":{"start":{"line":556,"column":18},"end":{"line":558,"column":19}},"265":{"start":{"line":557,"column":20},"end":{"line":557,"column":112}},"266":{"start":{"line":560,"column":18},"end":{"line":562,"column":19}},"267":{"start":{"line":561,"column":20},"end":{"line":561,"column":125}},"268":{"start":{"line":564,"column":18},"end":{"line":564,"column":121}},"269":{"start":{"line":566,"column":18},"end":{"line":568,"column":19}},"270":{"start":{"line":567,"column":20},"end":{"line":567,"column":95}},"271":{"start":{"line":570,"column":18},"end":{"line":572,"column":19}},"272":{"start":{"line":571,"column":20},"end":{"line":571,"column":108}},"273":{"start":{"line":574,"column":18},"end":{"line":576,"column":19}},"274":{"start":{"line":575,"column":20},"end":{"line":575,"column":121}},"275":{"start":{"line":578,"column":18},"end":{"line":578,"column":117}},"276":{"start":{"line":589,"column":17},"end":{"line":589,"column":26}},"277":{"start":{"line":590,"column":23},"end":{"line":590,"column":38}},"278":{"start":{"line":595,"column":4},"end":{"line":885,"column":5}},"279":{"start":{"line":603,"column":6},"end":{"line":605,"column":7}},"280":{"start":{"line":603,"column":31},"end":{"line":603,"column":51}},"281":{"start":{"line":604,"column":8},"end":{"line":604,"column":14}},"282":{"start":{"line":610,"column":6},"end":{"line":614,"column":7}},"283":{"start":{"line":613,"column":8},"end":{"line":613,"column":14}},"284":{"start":{"line":616,"column":26},"end":{"line":616,"column":49}},"285":{"start":{"line":618,"column":6},"end":{"line":882,"column":8}},"286":{"start":{"line":620,"column":10},"end":{"line":880,"column":12}},"287":{"start":{"line":627,"column":33},"end":{"line":627,"column":56}},"288":{"start":{"line":628,"column":34},"end":{"line":628,"column":59}},"289":{"start":{"line":629,"column":33},"end":{"line":629,"column":47}},"290":{"start":{"line":631,"column":26},"end":{"line":631,"column":31}},"291":{"start":{"line":632,"column":38},"end":{"line":632,"column":39}},"292":{"start":{"line":633,"column":35},"end":{"line":633,"column":37}},"293":{"start":{"line":635,"column":14},"end":{"line":649,"column":15}},"294":{"start":{"line":637,"column":16},"end":{"line":648,"column":17}},"295":{"start":{"line":639,"column":18},"end":{"line":646,"column":19}},"296":{"start":{"line":640,"column":20},"end":{"line":644,"column":21}},"297":{"start":{"line":641,"column":22},"end":{"line":641,"column":34}},"298":{"start":{"line":642,"column":22},"end":{"line":642,"column":47}},"299":{"start":{"line":643,"column":22},"end":{"line":643,"column":27}},"300":{"start":{"line":645,"column":20},"end":{"line":645,"column":39}},"301":{"start":{"line":647,"column":18},"end":{"line":647,"column":23}},"302":{"start":{"line":651,"column":38},"end":{"line":651,"column":39}},"303":{"start":{"line":653,"column":14},"end":{"line":670,"column":15}},"304":{"start":{"line":654,"column":16},"end":{"line":659,"column":17}},"305":{"start":{"line":655,"column":18},"end":{"line":657,"column":19}},"306":{"start":{"line":656,"column":20},"end":{"line":656,"column":25}},"307":{"start":{"line":658,"column":18},"end":{"line":658,"column":37}},"308":{"start":{"line":662,"column":16},"end":{"line":669,"column":17}},"309":{"start":{"line":663,"column":47},"end":{"line":664,"column":39}},"310":{"start":{"line":665,"column":18},"end":{"line":667,"column":19}},"311":{"start":{"line":666,"column":20},"end":{"line":666,"column":25}},"312":{"start":{"line":668,"column":18},"end":{"line":668,"column":37}},"313":{"start":{"line":672,"column":14},"end":{"line":672,"column":79}},"314":{"start":{"line":672,"column":50},"end":{"line":672,"column":79}},"315":{"start":{"line":674,"column":14},"end":{"line":702,"column":15}},"316":{"start":{"line":675,"column":16},"end":{"line":677,"column":17}},"317":{"start":{"line":676,"column":18},"end":{"line":676,"column":97}},"318":{"start":{"line":679,"column":16},"end":{"line":681,"column":17}},"319":{"start":{"line":680,"column":18},"end":{"line":680,"column":110}},"320":{"start":{"line":683,"column":16},"end":{"line":685,"column":17}},"321":{"start":{"line":684,"column":18},"end":{"line":684,"column":123}},"322":{"start":{"line":687,"column":16},"end":{"line":687,"column":119}},"323":{"start":{"line":689,"column":16},"end":{"line":691,"column":17}},"324":{"start":{"line":690,"column":18},"end":{"line":690,"column":93}},"325":{"start":{"line":693,"column":16},"end":{"line":695,"column":17}},"326":{"start":{"line":694,"column":18},"end":{"line":694,"column":106}},"327":{"start":{"line":697,"column":16},"end":{"line":699,"column":17}},"328":{"start":{"line":698,"column":18},"end":{"line":698,"column":119}},"329":{"start":{"line":701,"column":16},"end":{"line":701,"column":115}},"330":{"start":{"line":709,"column":14},"end":{"line":793,"column":15}},"331":{"start":{"line":713,"column":35},"end":{"line":713,"column":58}},"332":{"start":{"line":714,"column":34},"end":{"line":714,"column":137}},"333":{"start":{"line":716,"column":16},"end":{"line":718,"column":17}},"334":{"start":{"line":717,"column":18},"end":{"line":717,"column":64}},"335":{"start":{"line":720,"column":35},"end":{"line":720,"column":69}},"336":{"start":{"line":722,"column":28},"end":{"line":722,"column":33}},"337":{"start":{"line":723,"column":40},"end":{"line":723,"column":41}},"338":{"start":{"line":724,"column":37},"end":{"line":724,"column":39}},"339":{"start":{"line":726,"column":16},"end":{"line":743,"column":17}},"340":{"start":{"line":729,"column":18},"end":{"line":742,"column":19}},"341":{"start":{"line":731,"column":20},"end":{"line":740,"column":21}},"342":{"start":{"line":732,"column":51},"end":{"line":733,"column":43}},"343":{"start":{"line":734,"column":22},"end":{"line":738,"column":23}},"344":{"start":{"line":735,"column":24},"end":{"line":735,"column":36}},"345":{"start":{"line":736,"column":24},"end":{"line":736,"column":49}},"346":{"start":{"line":737,"column":24},"end":{"line":737,"column":29}},"347":{"start":{"line":739,"column":22},"end":{"line":739,"column":41}},"348":{"start":{"line":741,"column":20},"end":{"line":741,"column":25}},"349":{"start":{"line":745,"column":40},"end":{"line":745,"column":41}},"350":{"start":{"line":748,"column":16},"end":{"line":755,"column":17}},"351":{"start":{"line":749,"column":47},"end":{"line":750,"column":39}},"352":{"start":{"line":751,"column":18},"end":{"line":753,"column":19}},"353":{"start":{"line":752,"column":20},"end":{"line":752,"column":25}},"354":{"start":{"line":754,"column":18},"end":{"line":754,"column":37}},"355":{"start":{"line":757,"column":16},"end":{"line":758,"column":62}},"356":{"start":{"line":758,"column":33},"end":{"line":758,"column":62}},"357":{"start":{"line":759,"column":16},"end":{"line":760,"column":62}},"358":{"start":{"line":760,"column":33},"end":{"line":760,"column":62}},"359":{"start":{"line":762,"column":16},"end":{"line":790,"column":17}},"360":{"start":{"line":763,"column":18},"end":{"line":765,"column":19}},"361":{"start":{"line":764,"column":20},"end":{"line":764,"column":99}},"362":{"start":{"line":767,"column":18},"end":{"line":769,"column":19}},"363":{"start":{"line":768,"column":20},"end":{"line":768,"column":112}},"364":{"start":{"line":771,"column":18},"end":{"line":773,"column":19}},"365":{"start":{"line":772,"column":20},"end":{"line":772,"column":125}},"366":{"start":{"line":775,"column":18},"end":{"line":775,"column":121}},"367":{"start":{"line":777,"column":18},"end":{"line":779,"column":19}},"368":{"start":{"line":778,"column":20},"end":{"line":778,"column":95}},"369":{"start":{"line":781,"column":18},"end":{"line":783,"column":19}},"370":{"start":{"line":782,"column":20},"end":{"line":782,"column":108}},"371":{"start":{"line":785,"column":18},"end":{"line":787,"column":19}},"372":{"start":{"line":786,"column":20},"end":{"line":786,"column":121}},"373":{"start":{"line":789,"column":18},"end":{"line":789,"column":117}},"374":{"start":{"line":792,"column":16},"end":{"line":792,"column":22}},"375":{"start":{"line":800,"column":14},"end":{"line":878,"column":15}},"376":{"start":{"line":805,"column":35},"end":{"line":805,"column":58}},"377":{"start":{"line":806,"column":36},"end":{"line":806,"column":158}},"378":{"start":{"line":807,"column":35},"end":{"line":807,"column":69}},"379":{"start":{"line":809,"column":28},"end":{"line":809,"column":33}},"380":{"start":{"line":810,"column":40},"end":{"line":810,"column":41}},"381":{"start":{"line":811,"column":37},"end":{"line":811,"column":39}},"382":{"start":{"line":813,"column":16},"end":{"line":830,"column":17}},"383":{"start":{"line":816,"column":18},"end":{"line":829,"column":19}},"384":{"start":{"line":818,"column":20},"end":{"line":827,"column":21}},"385":{"start":{"line":819,"column":51},"end":{"line":820,"column":43}},"386":{"start":{"line":821,"column":22},"end":{"line":825,"column":23}},"387":{"start":{"line":822,"column":24},"end":{"line":822,"column":36}},"388":{"start":{"line":823,"column":24},"end":{"line":823,"column":49}},"389":{"start":{"line":824,"column":24},"end":{"line":824,"column":29}},"390":{"start":{"line":826,"column":22},"end":{"line":826,"column":41}},"391":{"start":{"line":828,"column":20},"end":{"line":828,"column":25}},"392":{"start":{"line":832,"column":40},"end":{"line":832,"column":41}},"393":{"start":{"line":835,"column":16},"end":{"line":842,"column":17}},"394":{"start":{"line":836,"column":47},"end":{"line":837,"column":39}},"395":{"start":{"line":838,"column":18},"end":{"line":840,"column":19}},"396":{"start":{"line":839,"column":20},"end":{"line":839,"column":25}},"397":{"start":{"line":841,"column":18},"end":{"line":841,"column":37}},"398":{"start":{"line":844,"column":16},"end":{"line":845,"column":62}},"399":{"start":{"line":845,"column":33},"end":{"line":845,"column":62}},"400":{"start":{"line":846,"column":16},"end":{"line":847,"column":62}},"401":{"start":{"line":847,"column":33},"end":{"line":847,"column":62}},"402":{"start":{"line":849,"column":16},"end":{"line":877,"column":17}},"403":{"start":{"line":850,"column":18},"end":{"line":852,"column":19}},"404":{"start":{"line":851,"column":20},"end":{"line":851,"column":99}},"405":{"start":{"line":854,"column":18},"end":{"line":856,"column":19}},"406":{"start":{"line":855,"column":20},"end":{"line":855,"column":112}},"407":{"start":{"line":858,"column":18},"end":{"line":860,"column":19}},"408":{"start":{"line":859,"column":20},"end":{"line":859,"column":125}},"409":{"start":{"line":862,"column":18},"end":{"line":862,"column":121}},"410":{"start":{"line":864,"column":18},"end":{"line":866,"column":19}},"411":{"start":{"line":865,"column":20},"end":{"line":865,"column":95}},"412":{"start":{"line":868,"column":18},"end":{"line":870,"column":19}},"413":{"start":{"line":869,"column":20},"end":{"line":869,"column":108}},"414":{"start":{"line":872,"column":18},"end":{"line":874,"column":19}},"415":{"start":{"line":873,"column":20},"end":{"line":873,"column":121}},"416":{"start":{"line":876,"column":18},"end":{"line":876,"column":117}},"417":{"start":{"line":884,"column":6},"end":{"line":884,"column":12}},"418":{"start":{"line":890,"column":4},"end":{"line":1161,"column":5}},"419":{"start":{"line":894,"column":26},"end":{"line":894,"column":51}},"420":{"start":{"line":896,"column":6},"end":{"line":1160,"column":8}},"421":{"start":{"line":898,"column":10},"end":{"line":1158,"column":12}},"422":{"start":{"line":905,"column":33},"end":{"line":905,"column":56}},"423":{"start":{"line":906,"column":34},"end":{"line":906,"column":59}},"424":{"start":{"line":907,"column":33},"end":{"line":907,"column":47}},"425":{"start":{"line":909,"column":26},"end":{"line":909,"column":31}},"426":{"start":{"line":910,"column":38},"end":{"line":910,"column":39}},"427":{"start":{"line":911,"column":35},"end":{"line":911,"column":37}},"428":{"start":{"line":913,"column":14},"end":{"line":927,"column":15}},"429":{"start":{"line":915,"column":16},"end":{"line":926,"column":17}},"430":{"start":{"line":917,"column":18},"end":{"line":924,"column":19}},"431":{"start":{"line":918,"column":20},"end":{"line":922,"column":21}},"432":{"start":{"line":919,"column":22},"end":{"line":919,"column":34}},"433":{"start":{"line":920,"column":22},"end":{"line":920,"column":47}},"434":{"start":{"line":921,"column":22},"end":{"line":921,"column":27}},"435":{"start":{"line":923,"column":20},"end":{"line":923,"column":39}},"436":{"start":{"line":925,"column":18},"end":{"line":925,"column":23}},"437":{"start":{"line":929,"column":38},"end":{"line":929,"column":39}},"438":{"start":{"line":931,"column":14},"end":{"line":948,"column":15}},"439":{"start":{"line":932,"column":16},"end":{"line":937,"column":17}},"440":{"start":{"line":933,"column":18},"end":{"line":935,"column":19}},"441":{"start":{"line":934,"column":20},"end":{"line":934,"column":25}},"442":{"start":{"line":936,"column":18},"end":{"line":936,"column":37}},"443":{"start":{"line":940,"column":16},"end":{"line":947,"column":17}},"444":{"start":{"line":941,"column":47},"end":{"line":942,"column":39}},"445":{"start":{"line":943,"column":18},"end":{"line":945,"column":19}},"446":{"start":{"line":944,"column":20},"end":{"line":944,"column":25}},"447":{"start":{"line":946,"column":18},"end":{"line":946,"column":37}},"448":{"start":{"line":950,"column":14},"end":{"line":950,"column":79}},"449":{"start":{"line":950,"column":50},"end":{"line":950,"column":79}},"450":{"start":{"line":952,"column":14},"end":{"line":980,"column":15}},"451":{"start":{"line":953,"column":16},"end":{"line":955,"column":17}},"452":{"start":{"line":954,"column":18},"end":{"line":954,"column":97}},"453":{"start":{"line":957,"column":16},"end":{"line":959,"column":17}},"454":{"start":{"line":958,"column":18},"end":{"line":958,"column":110}},"455":{"start":{"line":961,"column":16},"end":{"line":963,"column":17}},"456":{"start":{"line":962,"column":18},"end":{"line":962,"column":123}},"457":{"start":{"line":965,"column":16},"end":{"line":965,"column":119}},"458":{"start":{"line":967,"column":16},"end":{"line":969,"column":17}},"459":{"start":{"line":968,"column":18},"end":{"line":968,"column":93}},"460":{"start":{"line":971,"column":16},"end":{"line":973,"column":17}},"461":{"start":{"line":972,"column":18},"end":{"line":972,"column":106}},"462":{"start":{"line":975,"column":16},"end":{"line":977,"column":17}},"463":{"start":{"line":976,"column":18},"end":{"line":976,"column":119}},"464":{"start":{"line":979,"column":16},"end":{"line":979,"column":115}},"465":{"start":{"line":987,"column":14},"end":{"line":1071,"column":15}},"466":{"start":{"line":991,"column":35},"end":{"line":991,"column":58}},"467":{"start":{"line":992,"column":34},"end":{"line":992,"column":137}},"468":{"start":{"line":994,"column":16},"end":{"line":996,"column":17}},"469":{"start":{"line":995,"column":18},"end":{"line":995,"column":64}},"470":{"start":{"line":998,"column":35},"end":{"line":998,"column":69}},"471":{"start":{"line":1000,"column":28},"end":{"line":1000,"column":33}},"472":{"start":{"line":1001,"column":40},"end":{"line":1001,"column":41}},"473":{"start":{"line":1002,"column":37},"end":{"line":1002,"column":39}},"474":{"start":{"line":1004,"column":16},"end":{"line":1021,"column":17}},"475":{"start":{"line":1007,"column":18},"end":{"line":1020,"column":19}},"476":{"start":{"line":1009,"column":20},"end":{"line":1018,"column":21}},"477":{"start":{"line":1010,"column":51},"end":{"line":1011,"column":43}},"478":{"start":{"line":1012,"column":22},"end":{"line":1016,"column":23}},"479":{"start":{"line":1013,"column":24},"end":{"line":1013,"column":36}},"480":{"start":{"line":1014,"column":24},"end":{"line":1014,"column":49}},"481":{"start":{"line":1015,"column":24},"end":{"line":1015,"column":29}},"482":{"start":{"line":1017,"column":22},"end":{"line":1017,"column":41}},"483":{"start":{"line":1019,"column":20},"end":{"line":1019,"column":25}},"484":{"start":{"line":1023,"column":40},"end":{"line":1023,"column":41}},"485":{"start":{"line":1026,"column":16},"end":{"line":1033,"column":17}},"486":{"start":{"line":1027,"column":47},"end":{"line":1028,"column":39}},"487":{"start":{"line":1029,"column":18},"end":{"line":1031,"column":19}},"488":{"start":{"line":1030,"column":20},"end":{"line":1030,"column":25}},"489":{"start":{"line":1032,"column":18},"end":{"line":1032,"column":37}},"490":{"start":{"line":1035,"column":16},"end":{"line":1036,"column":62}},"491":{"start":{"line":1036,"column":33},"end":{"line":1036,"column":62}},"492":{"start":{"line":1037,"column":16},"end":{"line":1038,"column":62}},"493":{"start":{"line":1038,"column":33},"end":{"line":1038,"column":62}},"494":{"start":{"line":1040,"column":16},"end":{"line":1068,"column":17}},"495":{"start":{"line":1041,"column":18},"end":{"line":1043,"column":19}},"496":{"start":{"line":1042,"column":20},"end":{"line":1042,"column":99}},"497":{"start":{"line":1045,"column":18},"end":{"line":1047,"column":19}},"498":{"start":{"line":1046,"column":20},"end":{"line":1046,"column":112}},"499":{"start":{"line":1049,"column":18},"end":{"line":1051,"column":19}},"500":{"start":{"line":1050,"column":20},"end":{"line":1050,"column":125}},"501":{"start":{"line":1053,"column":18},"end":{"line":1053,"column":121}},"502":{"start":{"line":1055,"column":18},"end":{"line":1057,"column":19}},"503":{"start":{"line":1056,"column":20},"end":{"line":1056,"column":95}},"504":{"start":{"line":1059,"column":18},"end":{"line":1061,"column":19}},"505":{"start":{"line":1060,"column":20},"end":{"line":1060,"column":108}},"506":{"start":{"line":1063,"column":18},"end":{"line":1065,"column":19}},"507":{"start":{"line":1064,"column":20},"end":{"line":1064,"column":121}},"508":{"start":{"line":1067,"column":18},"end":{"line":1067,"column":117}},"509":{"start":{"line":1070,"column":16},"end":{"line":1070,"column":22}},"510":{"start":{"line":1078,"column":14},"end":{"line":1156,"column":15}},"511":{"start":{"line":1083,"column":35},"end":{"line":1083,"column":58}},"512":{"start":{"line":1084,"column":36},"end":{"line":1084,"column":158}},"513":{"start":{"line":1085,"column":35},"end":{"line":1085,"column":69}},"514":{"start":{"line":1087,"column":28},"end":{"line":1087,"column":33}},"515":{"start":{"line":1088,"column":40},"end":{"line":1088,"column":41}},"516":{"start":{"line":1089,"column":37},"end":{"line":1089,"column":39}},"517":{"start":{"line":1091,"column":16},"end":{"line":1108,"column":17}},"518":{"start":{"line":1094,"column":18},"end":{"line":1107,"column":19}},"519":{"start":{"line":1096,"column":20},"end":{"line":1105,"column":21}},"520":{"start":{"line":1097,"column":51},"end":{"line":1098,"column":43}},"521":{"start":{"line":1099,"column":22},"end":{"line":1103,"column":23}},"522":{"start":{"line":1100,"column":24},"end":{"line":1100,"column":36}},"523":{"start":{"line":1101,"column":24},"end":{"line":1101,"column":49}},"524":{"start":{"line":1102,"column":24},"end":{"line":1102,"column":29}},"525":{"start":{"line":1104,"column":22},"end":{"line":1104,"column":41}},"526":{"start":{"line":1106,"column":20},"end":{"line":1106,"column":25}},"527":{"start":{"line":1110,"column":40},"end":{"line":1110,"column":41}},"528":{"start":{"line":1113,"column":16},"end":{"line":1120,"column":17}},"529":{"start":{"line":1114,"column":47},"end":{"line":1115,"column":39}},"530":{"start":{"line":1116,"column":18},"end":{"line":1118,"column":19}},"531":{"start":{"line":1117,"column":20},"end":{"line":1117,"column":25}},"532":{"start":{"line":1119,"column":18},"end":{"line":1119,"column":37}},"533":{"start":{"line":1122,"column":16},"end":{"line":1123,"column":62}},"534":{"start":{"line":1123,"column":33},"end":{"line":1123,"column":62}},"535":{"start":{"line":1124,"column":16},"end":{"line":1125,"column":62}},"536":{"start":{"line":1125,"column":33},"end":{"line":1125,"column":62}},"537":{"start":{"line":1127,"column":16},"end":{"line":1155,"column":17}},"538":{"start":{"line":1128,"column":18},"end":{"line":1130,"column":19}},"539":{"start":{"line":1129,"column":20},"end":{"line":1129,"column":99}},"540":{"start":{"line":1132,"column":18},"end":{"line":1134,"column":19}},"541":{"start":{"line":1133,"column":20},"end":{"line":1133,"column":112}},"542":{"start":{"line":1136,"column":18},"end":{"line":1138,"column":19}},"543":{"start":{"line":1137,"column":20},"end":{"line":1137,"column":125}},"544":{"start":{"line":1140,"column":18},"end":{"line":1140,"column":121}},"545":{"start":{"line":1142,"column":18},"end":{"line":1144,"column":19}},"546":{"start":{"line":1143,"column":20},"end":{"line":1143,"column":95}},"547":{"start":{"line":1146,"column":18},"end":{"line":1148,"column":19}},"548":{"start":{"line":1147,"column":20},"end":{"line":1147,"column":108}},"549":{"start":{"line":1150,"column":18},"end":{"line":1152,"column":19}},"550":{"start":{"line":1151,"column":20},"end":{"line":1151,"column":121}},"551":{"start":{"line":1154,"column":18},"end":{"line":1154,"column":117}},"552":{"start":{"line":1166,"column":4},"end":{"line":1438,"column":5}},"553":{"start":{"line":1171,"column":26},"end":{"line":1171,"column":50}},"554":{"start":{"line":1173,"column":6},"end":{"line":1437,"column":8}},"555":{"start":{"line":1175,"column":10},"end":{"line":1435,"column":12}},"556":{"start":{"line":1182,"column":33},"end":{"line":1182,"column":56}},"557":{"start":{"line":1183,"column":34},"end":{"line":1183,"column":59}},"558":{"start":{"line":1184,"column":33},"end":{"line":1184,"column":47}},"559":{"start":{"line":1186,"column":26},"end":{"line":1186,"column":31}},"560":{"start":{"line":1187,"column":38},"end":{"line":1187,"column":39}},"561":{"start":{"line":1188,"column":35},"end":{"line":1188,"column":37}},"562":{"start":{"line":1190,"column":14},"end":{"line":1204,"column":15}},"563":{"start":{"line":1192,"column":16},"end":{"line":1203,"column":17}},"564":{"start":{"line":1194,"column":18},"end":{"line":1201,"column":19}},"565":{"start":{"line":1195,"column":20},"end":{"line":1199,"column":21}},"566":{"start":{"line":1196,"column":22},"end":{"line":1196,"column":34}},"567":{"start":{"line":1197,"column":22},"end":{"line":1197,"column":47}},"568":{"start":{"line":1198,"column":22},"end":{"line":1198,"column":27}},"569":{"start":{"line":1200,"column":20},"end":{"line":1200,"column":39}},"570":{"start":{"line":1202,"column":18},"end":{"line":1202,"column":23}},"571":{"start":{"line":1206,"column":38},"end":{"line":1206,"column":39}},"572":{"start":{"line":1208,"column":14},"end":{"line":1225,"column":15}},"573":{"start":{"line":1209,"column":16},"end":{"line":1214,"column":17}},"574":{"start":{"line":1210,"column":18},"end":{"line":1212,"column":19}},"575":{"start":{"line":1211,"column":20},"end":{"line":1211,"column":25}},"576":{"start":{"line":1213,"column":18},"end":{"line":1213,"column":37}},"577":{"start":{"line":1217,"column":16},"end":{"line":1224,"column":17}},"578":{"start":{"line":1218,"column":47},"end":{"line":1219,"column":39}},"579":{"start":{"line":1220,"column":18},"end":{"line":1222,"column":19}},"580":{"start":{"line":1221,"column":20},"end":{"line":1221,"column":25}},"581":{"start":{"line":1223,"column":18},"end":{"line":1223,"column":37}},"582":{"start":{"line":1227,"column":14},"end":{"line":1227,"column":79}},"583":{"start":{"line":1227,"column":50},"end":{"line":1227,"column":79}},"584":{"start":{"line":1229,"column":14},"end":{"line":1257,"column":15}},"585":{"start":{"line":1230,"column":16},"end":{"line":1232,"column":17}},"586":{"start":{"line":1231,"column":18},"end":{"line":1231,"column":97}},"587":{"start":{"line":1234,"column":16},"end":{"line":1236,"column":17}},"588":{"start":{"line":1235,"column":18},"end":{"line":1235,"column":110}},"589":{"start":{"line":1238,"column":16},"end":{"line":1240,"column":17}},"590":{"start":{"line":1239,"column":18},"end":{"line":1239,"column":123}},"591":{"start":{"line":1242,"column":16},"end":{"line":1242,"column":119}},"592":{"start":{"line":1244,"column":16},"end":{"line":1246,"column":17}},"593":{"start":{"line":1245,"column":18},"end":{"line":1245,"column":93}},"594":{"start":{"line":1248,"column":16},"end":{"line":1250,"column":17}},"595":{"start":{"line":1249,"column":18},"end":{"line":1249,"column":106}},"596":{"start":{"line":1252,"column":16},"end":{"line":1254,"column":17}},"597":{"start":{"line":1253,"column":18},"end":{"line":1253,"column":119}},"598":{"start":{"line":1256,"column":16},"end":{"line":1256,"column":115}},"599":{"start":{"line":1264,"column":14},"end":{"line":1348,"column":15}},"600":{"start":{"line":1268,"column":35},"end":{"line":1268,"column":58}},"601":{"start":{"line":1269,"column":34},"end":{"line":1269,"column":137}},"602":{"start":{"line":1271,"column":16},"end":{"line":1273,"column":17}},"603":{"start":{"line":1272,"column":18},"end":{"line":1272,"column":64}},"604":{"start":{"line":1275,"column":35},"end":{"line":1275,"column":69}},"605":{"start":{"line":1277,"column":28},"end":{"line":1277,"column":33}},"606":{"start":{"line":1278,"column":40},"end":{"line":1278,"column":41}},"607":{"start":{"line":1279,"column":37},"end":{"line":1279,"column":39}},"608":{"start":{"line":1281,"column":16},"end":{"line":1298,"column":17}},"609":{"start":{"line":1284,"column":18},"end":{"line":1297,"column":19}},"610":{"start":{"line":1286,"column":20},"end":{"line":1295,"column":21}},"611":{"start":{"line":1287,"column":51},"end":{"line":1288,"column":43}},"612":{"start":{"line":1289,"column":22},"end":{"line":1293,"column":23}},"613":{"start":{"line":1290,"column":24},"end":{"line":1290,"column":36}},"614":{"start":{"line":1291,"column":24},"end":{"line":1291,"column":49}},"615":{"start":{"line":1292,"column":24},"end":{"line":1292,"column":29}},"616":{"start":{"line":1294,"column":22},"end":{"line":1294,"column":41}},"617":{"start":{"line":1296,"column":20},"end":{"line":1296,"column":25}},"618":{"start":{"line":1300,"column":40},"end":{"line":1300,"column":41}},"619":{"start":{"line":1303,"column":16},"end":{"line":1310,"column":17}},"620":{"start":{"line":1304,"column":47},"end":{"line":1305,"column":39}},"621":{"start":{"line":1306,"column":18},"end":{"line":1308,"column":19}},"622":{"start":{"line":1307,"column":20},"end":{"line":1307,"column":25}},"623":{"start":{"line":1309,"column":18},"end":{"line":1309,"column":37}},"624":{"start":{"line":1312,"column":16},"end":{"line":1313,"column":62}},"625":{"start":{"line":1313,"column":33},"end":{"line":1313,"column":62}},"626":{"start":{"line":1314,"column":16},"end":{"line":1315,"column":62}},"627":{"start":{"line":1315,"column":33},"end":{"line":1315,"column":62}},"628":{"start":{"line":1317,"column":16},"end":{"line":1345,"column":17}},"629":{"start":{"line":1318,"column":18},"end":{"line":1320,"column":19}},"630":{"start":{"line":1319,"column":20},"end":{"line":1319,"column":99}},"631":{"start":{"line":1322,"column":18},"end":{"line":1324,"column":19}},"632":{"start":{"line":1323,"column":20},"end":{"line":1323,"column":112}},"633":{"start":{"line":1326,"column":18},"end":{"line":1328,"column":19}},"634":{"start":{"line":1327,"column":20},"end":{"line":1327,"column":125}},"635":{"start":{"line":1330,"column":18},"end":{"line":1330,"column":121}},"636":{"start":{"line":1332,"column":18},"end":{"line":1334,"column":19}},"637":{"start":{"line":1333,"column":20},"end":{"line":1333,"column":95}},"638":{"start":{"line":1336,"column":18},"end":{"line":1338,"column":19}},"639":{"start":{"line":1337,"column":20},"end":{"line":1337,"column":108}},"640":{"start":{"line":1340,"column":18},"end":{"line":1342,"column":19}},"641":{"start":{"line":1341,"column":20},"end":{"line":1341,"column":121}},"642":{"start":{"line":1344,"column":18},"end":{"line":1344,"column":117}},"643":{"start":{"line":1347,"column":16},"end":{"line":1347,"column":22}},"644":{"start":{"line":1355,"column":14},"end":{"line":1433,"column":15}},"645":{"start":{"line":1360,"column":35},"end":{"line":1360,"column":58}},"646":{"start":{"line":1361,"column":36},"end":{"line":1361,"column":158}},"647":{"start":{"line":1362,"column":35},"end":{"line":1362,"column":69}},"648":{"start":{"line":1364,"column":28},"end":{"line":1364,"column":33}},"649":{"start":{"line":1365,"column":40},"end":{"line":1365,"column":41}},"650":{"start":{"line":1366,"column":37},"end":{"line":1366,"column":39}},"651":{"start":{"line":1368,"column":16},"end":{"line":1385,"column":17}},"652":{"start":{"line":1371,"column":18},"end":{"line":1384,"column":19}},"653":{"start":{"line":1373,"column":20},"end":{"line":1382,"column":21}},"654":{"start":{"line":1374,"column":5
[...]
end":{"line":123,"column":15}},"type":"if","locations":[{"start":{"line":115,"column":14},"end":{"line":123,"column":15}},{"start":{},"end":{}}],"line":115},"17":{"loc":{"start":{"line":115,"column":18},"end":{"line":120,"column":76}},"type":"binary-expr","locations":[{"start":{"line":115,"column":18},"end":{"line":115,"column":60}},{"start":{"line":116,"column":16},"end":{"line":116,"column":72}},{"start":{"line":117,"column":16},"end":{"line":117,"column":73}},{"start":{"line":118,"column":16},"end":{"line":119,"column":32}},{"start":{"line":120,"column":16},"end":{"line":120,"column":76}}],"line":115},"18":{"loc":{"start":{"line":125,"column":14},"end":{"line":130,"column":15}},"type":"if","locations":[{"start":{"line":125,"column":14},"end":{"line":130,"column":15}},{"start":{},"end":{}}],"line":125},"19":{"loc":{"start":{"line":125,"column":18},"end":{"line":127,"column":65}},"type":"binary-expr","locations":[{"start":{"line":125,"column":18},"end":{"line":125,"column":60}},{"start":{"line":126,"column":16},"end":{"line":126,"column":70}},{"start":{"line":127,"column":16},"end":{"line":127,"column":65}}],"line":125},"20":{"loc":{"start":{"line":135,"column":10},"end":{"line":158,"column":11}},"type":"if","locations":[{"start":{"line":135,"column":10},"end":{"line":158,"column":11}},{"start":{},"end":{}}],"line":135},"21":{"loc":{"start":{"line":135,"column":14},"end":{"line":136,"column":62}},"type":"binary-expr","locations":[{"start":{"line":135,"column":14},"end":{"line":135,"column":69}},{"start":{"line":136,"column":12},"end":{"line":136,"column":62}}],"line":135},"22":{"loc":{"start":{"line":140,"column":16},"end":{"line":148,"column":17}},"type":"if","locations":[{"start":{"line":140,"column":16},"end":{"line":148,"column":17}},{"start":{},"end":{}}],"line":140},"23":{"loc":{"start":{"line":140,"column":20},"end":{"line":145,"column":78}},"type":"binary-expr","locations":[{"start":{"line":140,"column":20},"end":{"line":140,"column":62}},{"start":{"line":141,"column":18},"end":{"line":141,"column":74}},{"start":{"line":142,"column":18},"end":{"line":142,"column":75}},{"start":{"line":143,"column":18},"end":{"line":144,"column":34}},{"start":{"line":145,"column":18},"end":{"line":145,"column":78}}],"line":140},"24":{"loc":{"start":{"line":150,"column":16},"end":{"line":155,"column":17}},"type":"if","locations":[{"start":{"line":150,"column":16},"end":{"line":155,"column":17}},{"start":{},"end":{}}],"line":150},"25":{"loc":{"start":{"line":150,"column":20},"end":{"line":152,"column":67}},"type":"binary-expr","locations":[{"start":{"line":150,"column":20},"end":{"line":150,"column":62}},{"start":{"line":151,"column":18},"end":{"line":151,"column":72}},{"start":{"line":152,"column":18},"end":{"line":152,"column":67}}],"line":150},"26":{"loc":{"start":{"line":171,"column":4},"end":{"line":247,"column":5}},"type":"if","locations":[{"start":{"line":171,"column":4},"end":{"line":247,"column":5}},{"start":{},"end":{}}],"line":171},"27":{"loc":{"start":{"line":171,"column":8},"end":{"line":173,"column":29}},"type":"binary-expr","locations":[{"start":{"line":171,"column":8},"end":{"line":171,"column":53}},{"start":{"line":172,"column":6},"end":{"line":172,"column":24}},{"start":{"line":173,"column":6},"end":{"line":173,"column":29}}],"line":171},"28":{"loc":{"start":{"line":179,"column":6},"end":{"line":181,"column":7}},"type":"if","locations":[{"start":{"line":179,"column":6},"end":{"line":181,"column":7}},{"start":{},"end":{}}],"line":179},"29":{"loc":{"start":{"line":186,"column":6},"end":{"line":190,"column":7}},"type":"if","locations":[{"start":{"line":186,"column":6},"end":{"line":190,"column":7}},{"start":{},"end":{}}],"line":186},"30":{"loc":{"start":{"line":186,"column":10},"end":{"line":187,"column":50}},"type":"binary-expr","locations":[{"start":{"line":186,"column":10},"end":{"line":186,"column":25}},{"start":{"line":187,"column":8},"end":{"line":187,"column":50}}],"line":186},"31":{"loc":{"start":{"line":199,"column":14},"end":{"line":207,"column":15}},"type":"if","locations":[{"start":{"line":199,"column":14},"end":{"line":207,"column":15}},{"start":{},"end":{}}],"line":199},"32":{"loc":{"start":{"line":199,"column":18},"end":{"line":204,"column":76}},"type":"binary-expr","locations":[{"start":{"line":199,"column":18},"end":{"line":199,"column":60}},{"start":{"line":200,"column":16},"end":{"line":200,"column":72}},{"start":{"line":201,"column":16},"end":{"line":201,"column":73}},{"start":{"line":202,"column":16},"end":{"line":203,"column":32}},{"start":{"line":204,"column":16},"end":{"line":204,"column":76}}],"line":199},"33":{"loc":{"start":{"line":209,"column":14},"end":{"line":214,"column":15}},"type":"if","locations":[{"start":{"line":209,"column":14},"end":{"line":214,"column":15}},{"start":{},"end":{}}],"line":209},"34":{"loc":{"start":{"line":209,"column":18},"end":{"line":211,"column":65}},"type":"binary-expr","locations":[{"start":{"line":209,"column":18},"end":{"line":209,"column":60}},{"start":{"line":210,"column":16},"end":{"line":210,"column":70}},{"start":{"line":211,"column":16},"end":{"line":211,"column":65}}],"line":209},"35":{"loc":{"start":{"line":219,"column":10},"end":{"line":242,"column":11}},"type":"if","locations":[{"start":{"line":219,"column":10},"end":{"line":242,"column":11}},{"start":{},"end":{}}],"line":219},"36":{"loc":{"start":{"line":219,"column":14},"end":{"line":220,"column":62}},"type":"binary-expr","locations":[{"start":{"line":219,"column":14},"end":{"line":219,"column":69}},{"start":{"line":220,"column":12},"end":{"line":220,"column":62}}],"line":219},"37":{"loc":{"start":{"line":224,"column":16},"end":{"line":232,"column":17}},"type":"if","locations":[{"start":{"line":224,"column":16},"end":{"line":232,"column":17}},{"start":{},"end":{}}],"line":224},"38":{"loc":{"start":{"line":224,"column":20},"end":{"line":229,"column":78}},"type":"binary-expr","locations":[{"start":{"line":224,"column":20},"end":{"line":224,"column":62}},{"start":{"line":225,"column":18},"end":{"line":225,"column":74}},{"start":{"line":226,"column":18},"end":{"line":226,"column":75}},{"start":{"line":227,"column":18},"end":{"line":228,"column":34}},{"start":{"line":229,"column":18},"end":{"line":229,"column":78}}],"line":224},"39":{"loc":{"start":{"line":234,"column":16},"end":{"line":239,"column":17}},"type":"if","locations":[{"start":{"line":234,"column":16},"end":{"line":239,"column":17}},{"start":{},"end":{}}],"line":234},"40":{"loc":{"start":{"line":234,"column":20},"end":{"line":236,"column":67}},"type":"binary-expr","locations":[{"start":{"line":234,"column":20},"end":{"line":234,"column":62}},{"start":{"line":235,"column":18},"end":{"line":235,"column":72}},{"start":{"line":236,"column":18},"end":{"line":236,"column":67}}],"line":234},"41":{"loc":{"start":{"line":252,"column":4},"end":{"line":311,"column":5}},"type":"if","locations":[{"start":{"line":252,"column":4},"end":{"line":311,"column":5}},{"start":{},"end":{}}],"line":252},"42":{"loc":{"start":{"line":252,"column":8},"end":{"line":254,"column":50}},"type":"binary-expr","locations":[{"start":{"line":252,"column":8},"end":{"line":252,"column":49}},{"start":{"line":253,"column":6},"end":{"line":253,"column":25}},{"start":{"line":254,"column":6},"end":{"line":254,"column":50}}],"line":252},"43":{"loc":{"start":{"line":263,"column":14},"end":{"line":271,"column":15}},"type":"if","locations":[{"start":{"line":263,"column":14},"end":{"line":271,"column":15}},{"start":{},"end":{}}],"line":263},"44":{"loc":{"start":{"line":263,"column":18},"end":{"line":268,"column":76}},"type":"binary-expr","locations":[{"start":{"line":263,"column":18},"end":{"line":263,"column":60}},{"start":{"line":264,"column":16},"end":{"line":264,"column":72}},{"start":{"line":265,"column":16},"end":{"line":265,"column":73}},{"start":{"line":266,"column":16},"end":{"line":267,"column":32}},{"start":{"line":268,"column":16},"end":{"line":268,"column":76}}],"line":263},"45":{"loc":{"start":{"line":273,"column":14},"end":{"line":278,"column":15}},"type":"if","locations":[{"start":{"line":273,"column":14},"end":{"line":278,"column":15}},{"start":{},"end":{}}],"line":273},"46":{"loc":{"start":{"line":273,"column":18},"end":{"line":275,"column":65}},"type":"binary-expr","locations":[{"start":{"line":273,"column":18},"end":{"line":273,"column":60}},{"start":{"line":274,"column":16},"end":{"line":274,"column":70}},{"start":{"line":275,"column":16},"end":{"line":275,"column":65}}],"line":273},"47":{"loc":{"start":{"line":283,"column":10},"end":{"line":306,"column":11}},"type":"if","locations":[{"start":{"line":283,"column":10},"end":{"line":306,"column":11}},{"start":{},"end":{}}],"line":283},"48":{"loc":{"start":{"line":283,"column":14},"end":{"line":284,"column":62}},"type":"binary-expr","locations":[{"start":{"line":283,"column":14},"end":{"line":283,"column":69}},{"start":{"line":284,"column":12},"end":{"line":284,"column":62}}],"line":283},"49":{"loc":{"start":{"line":288,"column":16},"end":{"line":296,"column":17}},"type":"if","locations":[{"start":{"line":288,"column":16},"end":{"line":296,"column":17}},{"start":{},"end":{}}],"line":288},"50":{"loc":{"start":{"line":288,"column":20},"end":{"line":293,"column":78}},"type":"binary-expr","locations":[{"start":{"line":288,"column":20},"end":{"line":288,"column":62}},{"start":{"line":289,"column":18},"end":{"line":289,"column":74}},{"start":{"line":290,"column":18},"end":{"line":290,"column":75}},{"start":{"line":291,"column":18},"end":{"line":292,"column":34}},{"start":{"line":293,"column":18},"end":{"line":293,"column":78}}],"line":288},"51":{"loc":{"start":{"line":298,"column":16},"end":{"line":303,"column":17}},"type":"if","locations":[{"start":{"line":298,"column":16},"end":{"line":303,"column":17}},{"start":{},"end":{}}],"line":298},"52":{"loc":{"start":{"line":298,"column":20},"end":{"line":300,"column":67}},"type":"binary-expr","locations":[{"start":{"line":298,"column":20},"end":{"line":298,"column":62}},{"start":{"line":299,"column":18},"end":{"line":299,"column":72}},{"start":{"line":300,"column":18},"end":{"line":300,"column":67}}],"line":298},"53":{"loc":{"start":{"line":316,"column":4},"end":{"line":374,"column":5}},"type":"if","locations":[{"start":{"line":316,"column":4},"end":{"line":374,"column":5}},{"start":{},"end":{}}],"line":316},"54":{"loc":{"start":{"line":316,"column":8},"end":{"line":319,"column":40}},"type":"binary-expr","locations":[{"start":{"line":316,"column":8},"end":{"line":316,"column":49}},{"start":{"line":317,"column":6},"end":{"line":317,"column":25}},{"start":{"line":318,"column":6},"end":{"line":318,"column":47}},{"start":{"line":319,"column":6},"end":{"line":319,"column":40}}],"line":316},"55":{"loc":{"start":{"line":328,"column":14},"end":{"line":336,"column":15}},"type":"if","locations":[{"start":{"line":328,"column":14},"end":{"line":336,"column":15}},{"start":{},"end":{}}],"line":328},"56":{"loc":{"start":{"line":328,"column":18},"end":{"line":333,"column":76}},"type":"binary-expr","locations":[{"start":{"line":328,"column":18},"end":{"line":328,"column":60}},{"start":{"line":329,"column":16},"end":{"line":329,"column":72}},{"start":{"line":330,"column":16},"end":{"line":330,"column":73}},{"start":{"line":331,"column":16},"end":{"line":332,"column":32}},{"start":{"line":333,"column":16},"end":{"line":333,"column":76}}],"line":328},"57":{"loc":{"start":{"line":338,"column":14},"end":{"line":343,"column":15}},"type":"if","locations":[{"start":{"line":338,"column":14},"end":{"line":343,"column":15}},{"start":{},"end":{}}],"line":338},"58":{"loc":{"start":{"line":338,"column":18},"end":{"line":340,"column":65}},"type":"binary-expr","locations":[{"start":{"line":338,"column":18},"end":{"line":338,"column":60}},{"start":{"line":339,"column":16},"end":{"line":339,"column":70}},{"start":{"line":340,"column":16},"end":{"line":340,"column":65}}],"line":338},"59":{"loc":{"start":{"line":348,"column":10},"end":{"line":371,"column":11}},"type":"if","locations":[{"start":{"line":348,"column":10},"end":{"line":371,"column":11}},{"start":{},"end":{}}],"line":348},"60":{"loc":{"start":{"line":348,"column":14},"end":{"line":349,"column":62}},"type":"binary-expr","locations":[{"start":{"line":348,"column":14},"end":{"line":348,"column":69}},{"start":{"line":349,"column":12},"end":{"line":349,"column":62}}],"line":348},"61":{"loc":{"start":{"line":353,"column":16},"end":{"line":361,"column":17}},"type":"if","locations":[{"start":{"line":353,"column":16},"end":{"line":361,"column":17}},{"start":{},"end":{}}],"line":353},"62":{"loc":{"start":{"line":353,"column":20},"end":{"line":358,"column":78}},"type":"binary-expr","locations":[{"start":{"line":353,"column":20},"end":{"line":353,"column":62}},{"start":{"line":354,"column":18},"end":{"line":354,"column":74}},{"start":{"line":355,"column":18},"end":{"line":355,"column":75}},{"start":{"line":356,"column":18},"end":{"line":357,"column":34}},{"start":{"line":358,"column":18},"end":{"line":358,"column":78}}],"line":353},"63":{"loc":{"start":{"line":363,"column":16},"end":{"line":368,"column":17}},"type":"if","locations":[{"start":{"line":363,"column":16},"end":{"line":368,"column":17}},{"start":{},"end":{}}],"line":363},"64":{"loc":{"start":{"line":363,"column":20},"end":{"line":365,"column":67}},"type":"binary-expr","locations":[{"start":{"line":363,"column":20},"end":{"line":363,"column":62}},{"start":{"line":364,"column":18},"end":{"line":364,"column":72}},{"start":{"line":365,"column":18},"end":{"line":365,"column":67}}],"line":363},"65":{"loc":{"start":{"line":379,"column":2},"end":{"line":379,"column":49}},"type":"if","locations":[{"start":{"line":379,"column":2},"end":{"line":379,"column":49}},{"start":{},"end":{}}],"line":379},"66":{"loc":{"start":{"line":380,"column":2},"end":{"line":380,"column":51}},"type":"if","locations":[{"start":{"line":380,"column":2},"end":{"line":380,"column":51}},{"start":{},"end":{}}],"line":380}},"s":{"0":3,"1":3,"2":6,"3":6,"4":3,"5":3,"6":3,"7":3,"8":0,"9":3,"10":3,"11":3,"12":4,"13":1,"14":1,"15":1,"16":0,"17":1,"18":0,"19":0,"20":0,"21":0,"22":0,"23":2,"24":0,"25":0,"26":0,"27":0,"28":0,"29":0,"30":0,"31":0,"32":0,"33":0,"34":0,"35":0,"36":0,"37":0,"38":0,"39":0,"40":0,"41":0,"42":0,"43":0,"44":0,"45":0,"46":0,"47":0,"48":0,"49":0,"50":0,"51":0,"52":0,"53":0,"54":0,"55":0,"56":0,"57":0,"58":0,"59":0,"60":0,"61":0,"62":0,"63":0,"64":0,"65":0,"66":0,"67":0,"68":0,"69":0,"70":0,"71":0,"72":0,"73":0,"74":0,"75":0,"76":0,"77":0,"78":0,"79":0,"80":0,"81":0,"82":0,"83":0,"84":0,"85":0,"86":0,"87":0,"88":0,"89":0,"90":0,"91":0,"92":0,"93":3,"94":3,"95":3,"96":3,"97":3},"f":{"0":6,"1":3,"2":4,"3":1,"4":1,"5":0,"6":0,"7":0,"8":0,"9":0,"10":0,"11":0,"12":0,"13":0,"14":0,"15":0,"16":0,"17":0,"18":0,"19":0,"20":0,"21":0,"22":0,"23":0,"24":3},"b":{"0":[3,0],"1":[3,3,3],"2":[0,3],"3":[3,0],"4":[1,0],"5":[1,1,1,1,1],"6":[0,1],"7":[1,1,0],"8":[0,0],"9":[1,0],"10":[0,0],"11":[0,0,0,0,0],"12":[0,0],"13":[0,0,0],"14":[0,0],"15":[0,0],"16":[0,0],"17":[0,0,0,0,0],"18":[0,0],"19":[0,0,0],"20":[0,0],"21":[0,0],"22":[0,0],"23":[0,0,0,0,0],"24":[0,0],"25":[0,0,0],"26":[0,0],"27":[0,0,0],"28":[0,0],"29":[0,0],"30":[0,0],"31":[0,0],"32":[0,0,0,0,0],"33":[0,0],"34":[0,0,0],"35":[0,0],"36":[0,0],"37":[0,0],"38":[0,0,0,0,0],"39":[0,0],"40":[0,0,0],"41":[0,0],"42":[0,0,0],"43":[0,0],"44":[0,0,0,0,0],"45":[0,0],"46":[0,0,0],"47":[0,0],"48":[0,0],"49":[0,0],"50":[0,0,0,0,0],"51":[0,0],"52":[0,0,0],"53":[0,0],"54":[0,0,0,0],"55":[0,0],"56":[0,0,0,0,0],"57":[0,0],"58":[0,0,0],"59":[0,0],"60":[0,0],"61":[0,0],"62":[0,0,0,0,0],"63":[0,0],"64":[0,0,0],"65":[3,0],"66":[3,0]},"_coverageSchema":"1a1c01bbd47fc00a2c39e90264f33305004495a9","hash":"7d87bc2c768dbce243b6d180c057594541d03654"}
,"/home/daniel/Workspace/metrics-js-ts/src/sorting/kahnSort.js": {"path":"/home/daniel/Workspace/metrics-js-ts/src/sorting/kahnSort.js","statementMap":{"0":{"start":{"line":39,"column":14},"end":{"line":39,"column":16}},"1":{"start":{"line":45,"column":19},"end":{"line":45,"column":21}},"2":{"start":{"line":51,"column":20},"end":{"line":51,"column":22}},"3":{"start":{"line":54,"column":2},"end":{"line":62,"column":3}},"4":{"start":{"line":55,"column":15},"end":{"line":55,"column":25}},"5":{"start":{"line":56,"column":4},"end":{"line":58,"column":5}},"6":{"start":{"line":57,"column":6},"end":{"line":57,"column":60}},"7":{"start":{"line":59,"column":4},"end":{"line":59,"column":21}},"8":{"start":{"line":60,"column":4},"end":{"line":60,"column":20}},"9":{"start":{"line":61,"column":4},"end":{"line":61,"column":16}},"10":{"start":{"line":65,"column":2},"end":{"line":76,"column":3}},"11":{"start":{"line":66,"column":15},"end":{"line":66,"column":25}},"12":{"start":{"line":67,"column":4},"end":{"line":75,"column":5}},"13":{"start":{"line":69,"column":6},"end":{"line":72,"column":7}},"14":{"start":{"line":70,"column":8},"end":{"line":70,"column":28}},"15":{"start":{"line":71,"column":8},"end":{"line":71,"column":24}},"16":{"start":{"line":73,"column":6},"end":{"line":73,"column":26}},"17":{"start":{"line":74,"column":6},"end":{"line":74,"column":23}},"18":{"start":{"line":79,"column":13},"end":{"line":79,"column":18}},"19":{"start":{"line":80,"column":2},"end":{"line":84,"column":3}},"20":{"start":{"line":81,"column":4},"end":{"line":83,"column":5}},"21":{"start":{"line":82,"column":6},"end":{"line":82,"column":40}},"22":{"start":{"line":90,"column":16},"end":{"line":90,"column":18}},"23":{"start":{"line":93,"column":2},"end":{"line":106,"column":3}},"24":{"start":{"line":95,"column":14},"end":{"line":95,"column":27}},"25":{"start":{"line":96,"column":4},"end":{"line":96,"column":26}},"26":{"start":{"line":97,"column":4},"end":{"line":97,"column":17}},"27":{"start":{"line":100,"column":4},"end":{"line":105,"column":5}},"28":{"start":{"line":101,"column":6},"end":{"line":101,"column":26}},"29":{"start":{"line":102,"column":6},"end":{"line":104,"column":7}},"30":{"start":{"line":103,"column":8},"end":{"line":103,"column":45}},"31":{"start":{"line":109,"column":2},"end":{"line":109,"column":55}}},"fnMap":{"0":{"name":"kahnSort","decl":{"start":{"line":34,"column":9},"end":{"line":34,"column":17}},"loc":{"start":{"line":34,"column":28},"end":{"line":110,"column":1}},"line":34}},"branchMap":{"0":{"loc":{"start":{"line":56,"column":4},"end":{"line":58,"column":5}},"type":"if","locations":[{"start":{"line":56,"column":4},"end":{"line":58,"column":5}},{"start":{},"end":{}}],"line":56},"1":{"loc":{"start":{"line":67,"column":25},"end":{"line":67,"column":51}},"type":"binary-expr","locations":[{"start":{"line":67,"column":25},"end":{"line":67,"column":45}},{"start":{"line":67,"column":49},"end":{"line":67,"column":51}}],"line":67},"2":{"loc":{"start":{"line":69,"column":6},"end":{"line":72,"column":7}},"type":"if","locations":[{"start":{"line":69,"column":6},"end":{"line":72,"column":7}},{"start":{},"end":{}}],"line":69},"3":{"loc":{"start":{"line":81,"column":4},"end":{"line":83,"column":5}},"type":"if","locations":[{"start":{"line":81,"column":4},"end":{"line":83,"column":5}},{"start":{},"end":{}}],"line":81},"4":{"loc":{"start":{"line":102,"column":6},"end":{"line":104,"column":7}},"type":"if","locations":[{"start":{"line":102,"column":6},"end":{"line":104,"column":7}},{"start":{},"end":{}}],"line":102},"5":{"loc":{"start":{"line":109,"column":9},"end":{"line":109,"column":55}},"type":"cond-expr","locations":[{"start":{"line":109,"column":43},"end":{"line":109,"column":48}},{"start":{"line":109,"column":51},"end":{"line":109,"column":55}}],"line":109}},"s":{"0":8,"1":8,"2":8,"3":8,"4":33,"5":33,"6":1,"7":32,"8":32,"9":32,"10":7,"11":31,"12":31,"13":28,"14":0,"15":0,"16":28,"17":28,"18":7,"19":7,"20":31,"21":7,"22":7,"23":7,"24":28,"25":28,"26":28,"27":28,"28":25,"29":25,"30":21,"31":7},"f":{"0":8},"b":{"0":[1,32],"1":[31,3],"2":[0,28],"3":[7,24],"4":[21,4],"5":[6,1]},"_coverageSchema":"1a1c01bbd47fc00a2c39e90264f33305004495a9","hash":"0c4932b2e89b1e7de41601f5a250d103000fcc0c"}
}
