TN:
SF:src/index.js
FN:12,calculateMetrics
FNF:1
FNH:1
FNDA:3,calculateMetrics
DA:9,3
DA:10,3
DA:17,3
DA:18,0
DA:21,3
DA:23,3
DA:27,3
DA:28,3
DA:30,3
DA:32,3
DA:34,3
LF:11
LH:10
BRDA:12,0,0,0
BRDA:15,1,0,3
BRDA:17,2,0,0
BRDA:17,2,1,3
BRDA:17,3,0,3
BRDA:17,3,1,0
BRDA:23,4,0,3
BRDA:23,4,1,0
BRF:8
BRH:4
end_of_record
TN:
SF:src/ast/astProcessor.js
FN:17,removeASTLocation
FN:51,getSourceCode
FN:60,getAST
FN:70,constructASTs
FN:71,(anonymous_4)
FNF:5
FNH:5
FNDA:299,removeASTLocation
FNDA:6,getSourceCode
FNDA:6,getAST
FNDA:3,constructASTs
FNDA:6,(anonymous_4)
DA:18,299
DA:20,0
DA:23,299
DA:25,91
DA:26,65
DA:28,91
DA:31,208
DA:33,0
DA:37,208
DA:38,1664
DA:39,676
DA:44,208
DA:45,621
DA:46,228
DA:52,6
DA:53,6
DA:55,0
DA:61,6
DA:62,6
DA:63,6
DA:65,0
DA:66,0
DA:71,3
DA:72,6
DA:73,6
DA:75,6
DA:78,6
DA:80,6
DA:83,3
LF:29
LH:24
BRDA:18,0,0,0
BRDA:18,0,1,299
BRDA:23,1,0,91
BRDA:23,1,1,208
BRDA:31,2,0,0
BRDA:31,2,1,208
BRDA:38,3,0,676
BRDA:38,3,1,988
BRDA:45,4,0,228
BRDA:45,4,1,393
BRDA:45,5,0,621
BRDA:45,5,1,527
BRDA:45,5,2,436
BRDA:73,6,0,0
BRDA:73,6,1,6
BRF:15
BRH:12
end_of_record
TN:
SF:src/ast/executeMetric.js
FN:6,executeMetrics
FNF:1
FNH:1
FNDA:3,executeMetrics
DA:7,3
DA:8,3
DA:10,3
DA:11,21
DA:15,21
DA:17,21
DA:18,21
DA:19,21
DA:21,0
DA:26,21
DA:30,21
DA:31,21
DA:32,42
DA:33,42
DA:35,3
DA:41,21
DA:42,21
DA:44,21
DA:47,3
DA:49,3
DA:50,21
DA:51,3
DA:54,18
DA:55,18
DA:58,3
DA:59,3
DA:60,3
DA:62,3
LF:28
LH:27
BRDA:11,0,0,18
BRDA:11,0,1,3
BRDA:18,1,0,21
BRDA:18,1,1,0
BRDA:26,2,0,0
BRDA:26,2,1,21
BRDA:41,3,0,21
BRDA:41,3,1,0
BRDA:50,4,0,3
BRDA:50,4,1,18
BRF:10
BRH:7
end_of_record
TN:
SF:src/constants/constants.js
FNF:0
FNH:0
DA:1,3
DA:2,3
DA:3,3
DA:5,3
DA:7,3
DA:8,3
DA:10,3
DA:12,3
DA:20,3
DA:22,3
DA:40,3
DA:46,3
LF:12
LH:12
BRF:0
BRH:0
end_of_record
TN:
SF:src/data-structures/leftistMinHeap.js
FN:22,(anonymous_0)
FN:35,(anonymous_1)
FN:53,(anonymous_2)
FN:87,(anonymous_3)
FN:100,(anonymous_4)
FN:115,(anonymous_5)
FN:126,(anonymous_6)
FNF:7
FNH:7
FNDA:88,(anonymous_0)
FNDA:117,(anonymous_1)
FNDA:138,(anonymous_2)
FNDA:35,(anonymous_3)
FNDA:45,(anonymous_4)
FNDA:37,(anonymous_5)
FNDA:44,(anonymous_6)
DA:22,5
DA:23,88
DA:35,117
DA:53,5
DA:54,138
DA:55,87
DA:58,57
DA:61,38
DA:64,38
DA:65,38
DA:68,38
DA:72,5
DA:87,35
DA:100,45
DA:115,37
DA:126,44
LF:16
LH:16
BRDA:22,0,0,48
BRDA:22,1,0,48
BRDA:22,2,0,48
BRDA:35,3,0,48
BRDA:35,3,1,69
BRDA:54,4,0,51
BRDA:54,4,1,87
BRDA:55,5,0,30
BRDA:55,5,1,57
BRDA:58,6,0,19
BRDA:58,6,1,38
BRDA:65,7,0,23
BRDA:65,7,1,15
BRDA:100,8,0,2
BRDA:100,8,1,43
BRDA:115,9,0,0
BRDA:115,9,1,37
BRF:17
BRH:16
end_of_record
TN:
SF:src/files/fileReader.js
FN:9,readDirectory
FN:13,(anonymous_1)
FN:36,getFiles
FNF:3
FNH:3
FNDA:13,readDirectory
FNDA:34,(anonymous_1)
FNDA:6,getFiles
DA:10,13
DA:11,13
DA:13,13
DA:14,34
DA:16,34
DA:19,0
DA:22,34
DA:23,7
DA:24,7
DA:25,27
DA:26,27
DA:33,13
DA:37,6
DA:38,6
LF:14
LH:13
BRDA:16,0,0,0
BRDA:16,0,1,34
BRDA:16,1,0,34
BRDA:16,1,1,0
BRDA:16,1,2,34
BRDA:22,2,0,7
BRDA:22,2,1,27
BRDA:25,3,0,27
BRDA:25,3,1,0
BRF:9
BRH:6
end_of_record
TN:
SF:src/files/ignoreAndSupport.js
FN:12,getIgnored
FN:17,(anonymous_1)
FN:17,(anonymous_2)
FN:20,(anonymous_3)
FN:31,isSupported
FNF:5
FNH:3
FNDA:6,getIgnored
FNDA:0,(anonymous_1)
FNDA:6,(anonymous_2)
FNDA:0,(anonymous_3)
FNDA:27,isSupported
DA:13,6
DA:14,6
DA:16,6
DA:17,6
DA:18,0
DA:19,0
DA:20,0
DA:24,0
DA:28,6
DA:32,27
DA:33,27
LF:11
LH:7
BRDA:17,0,0,0
BRDA:17,0,1,6
BRF:2
BRH:1
end_of_record
TN:
SF:src/loader/metricsLoader.js
FN:10,loadMetricFiles
FN:26,importMetric
FN:47,loadMetricObjects
FNF:3
FNH:3
FNDA:3,loadMetricFiles
FNDA:21,importMetric
FNDA:3,loadMetricObjects
DA:12,3
DA:14,3
DA:15,3
DA:18,3
DA:19,0
DA:20,0
DA:23,3
DA:27,21
DA:29,21
DA:30,0
DA:34,21
DA:35,0
DA:39,21
DA:40,0
DA:44,21
DA:48,3
DA:50,3
DA:51,21
DA:52,21
DA:53,21
DA:55,0
DA:59,3
LF:22
LH:16
BRDA:14,0,0,3
BRDA:14,0,1,0
BRDA:18,1,0,0
BRDA:18,1,1,3
BRDA:29,2,0,0
BRDA:29,2,1,21
BRDA:29,3,0,21
BRDA:29,3,1,21
BRDA:34,4,0,0
BRDA:34,4,1,21
BRDA:39,5,0,0
BRDA:39,5,1,21
BRF:12
BRH:7
end_of_record
TN:
SF:src/logger/logger.js
FN:2,(anonymous_0)
FN:8,(anonymous_1)
FN:15,(anonymous_2)
FN:19,(anonymous_3)
FN:23,(anonymous_4)
FN:27,(anonymous_5)
FN:31,(anonymous_6)
FN:35,(anonymous_7)
FN:39,(anonymous_8)
FN:42,(anonymous_9)
FN:46,(anonymous_10)
FN:50,(anonymous_11)
FNF:12
FNH:6
FNDA:3,(anonymous_0)
FNDA:3,(anonymous_1)
FNDA:0,(anonymous_2)
FNDA:0,(anonymous_3)
FNDA:3,(anonymous_4)
FNDA:3,(anonymous_5)
FNDA:3,(anonymous_6)
FNDA:3,(anonymous_7)
FNDA:0,(anonymous_8)
FNDA:0,(anonymous_9)
FNDA:0,(anonymous_10)
FNDA:0,(anonymous_11)
DA:3,3
DA:4,3
DA:5,3
DA:9,3
DA:10,3
DA:12,3
DA:16,0
DA:20,0
DA:24,3
DA:28,3
DA:32,3
DA:36,3
DA:40,0
DA:41,0
DA:42,0
DA:44,0
DA:45,0
DA:46,0
DA:48,0
DA:49,0
DA:50,0
DA:55,3
LF:22
LH:11
BRDA:9,0,0,3
BRDA:9,0,1,0
BRDA:40,1,0,0
BRDA:40,1,1,0
BRDA:44,2,0,0
BRDA:44,2,1,0
BRDA:48,3,0,0
BRDA:48,3,1,0
BRF:8
BRH:1
end_of_record
TN:
SF:src/metrics/classCoupling.metric.js
FN:12,(anonymous_0)
FN:17,(anonymous_1)
FN:44,(anonymous_2)
FN:46,(anonymous_3)
FN:129,(anonymous_4)
FN:321,(anonymous_5)
FN:323,(anonymous_6)
FN:406,(anonymous_7)
FN:588,(anonymous_8)
FN:603,(anonymous_9)
FN:619,(anonymous_10)
FN:621,(anonymous_11)
FN:704,(anonymous_12)
FN:897,(anonymous_13)
FN:899,(anonymous_14)
FN:982,(anonymous_15)
FN:1174,(anonymous_16)
FN:1176,(anonymous_17)
FN:1259,(anonymous_18)
FN:1442,postProcessing
FNF:20
FNH:6
FNDA:6,(anonymous_0)
FNDA:3,(anonymous_1)
FNDA:5,(anonymous_2)
FNDA:2,(anonymous_3)
FNDA:2,(anonymous_4)
FNDA:0,(anonymous_5)
FNDA:0,(anonymous_6)
FNDA:0,(anonymous_7)
FNDA:0,(anonymous_8)
FNDA:0,(anonymous_9)
FNDA:0,(anonymous_10)
FNDA:0,(anonymous_11)
FNDA:0,(anonymous_12)
FNDA:0,(anonymous_13)
FNDA:0,(anonymous_14)
FNDA:0,(anonymous_15)
FNDA:0,(anonymous_16)
FNDA:0,(anonymous_17)
FNDA:0,(anonymous_18)
FNDA:3,postProcessing
DA:1,3
DA:10,3
DA:13,6
DA:14,6
DA:18,3
DA:19,3
DA:28,3
DA:35,3
DA:38,0
DA:41,3
DA:43,3
DA:45,5
DA:52,2
DA:53,2
DA:54,2
DA:56,2
DA:57,2
DA:58,2
DA:60,2
DA:62,2
DA:64,2
DA:65,2
DA:66,2
DA:67,2
DA:68,2
DA:70,0
DA:72,2
DA:76,2
DA:78,2
DA:79,2
DA:80,1
DA:81,1
DA:83,0
DA:87,0
DA:88,0
DA:90,0
DA:91,0
DA:93,0
DA:97,2
DA:99,2
DA:100,2
DA:101,1
DA:104,1
DA:105,1
DA:108,1
DA:109,1
DA:112,1
DA:114,1
DA:115,1
DA:118,1
DA:119,1
DA:122,1
DA:123,1
DA:126,1
DA:134,2
DA:138,1
DA:139,1
DA:141,1
DA:142,1
DA:145,1
DA:147,1
DA:148,1
DA:149,1
DA:151,1
DA:154,1
DA:156,1
DA:157,2
DA:159,2
DA:160,1
DA:161,1
DA:162,1
DA:164,1
DA:166,1
DA:170,1
DA:173,1
DA:174,2
DA:176,2
DA:177,1
DA:179,1
DA:182,1
DA:183,0
DA:184,1
DA:185,0
DA:187,1
DA:188,1
DA:189,1
DA:192,1
DA:193,1
DA:196,1
DA:197,1
DA:200,1
DA:202,1
DA:203,1
DA:206,1
DA:207,1
DA:210,1
DA:211,1
DA:214,1
DA:217,1
DA:225,1
DA:230,1
DA:231,1
DA:232,1
DA:234,1
DA:235,1
DA:236,1
DA:238,1
DA:241,1
DA:243,1
DA:244,2
DA:246,2
DA:247,1
DA:248,1
DA:249,1
DA:251,1
DA:253,1
DA:257,1
DA:260,1
DA:261,1
DA:263,1
DA:264,1
DA:266,0
DA:269,1
DA:270,0
DA:271,1
DA:272,1
DA:274,1
DA:275,1
DA:276,0
DA:279,1
DA:280,0
DA:283,1
DA:284,1
DA:287,1
DA:289,1
DA:290,1
DA:293,1
DA:294,1
DA:297,1
DA:298,1
DA:301,1
DA:314,2
DA:316,0
DA:320,0
DA:322,0
DA:329,0
DA:330,0
DA:331,0
DA:333,0
DA:334,0
DA:335,0
DA:337,0
DA:339,0
DA:341,0
DA:342,0
DA:343,0
DA:344,0
DA:345,0
DA:347,0
DA:349,0
DA:353,0
DA:355,0
DA:356,0
DA:357,0
DA:358,0
DA:360,0
DA:364,0
DA:365,0
DA:367,0
DA:368,0
DA:370,0
DA:374,0
DA:376,0
DA:377,0
DA:378,0
DA:381,0
DA:382,0
DA:385,0
DA:386,0
DA:389,0
DA:391,0
DA:392,0
DA:395,0
DA:396,0
DA:399,0
DA:400,0
DA:403,0
DA:411,0
DA:415,0
DA:416,0
DA:418,0
DA:419,0
DA:422,0
DA:424,0
DA:425,0
DA:426,0
DA:428,0
DA:431,0
DA:433,0
DA:434,0
DA:436,0
DA:437,0
DA:438,0
DA:439,0
DA:441,0
DA:443,0
DA:447,0
DA:450,0
DA:451,0
DA:453,0
DA:454,0
DA:456,0
DA:459,0
DA:460,0
DA:461,0
DA:462,0
DA:464,0
DA:465,0
DA:466,0
DA:469,0
DA:470,0
DA:473,0
DA:474,0
DA:477,0
DA:479,0
DA:480,0
DA:483,0
DA:484,0
DA:487,0
DA:488,0
DA:491,0
DA:494,0
DA:502,0
DA:507,0
DA:508,0
DA:509,0
DA:511,0
DA:512,0
DA:513,0
DA:515,0
DA:518,0
DA:520,0
DA:521,0
DA:523,0
DA:524,0
DA:525,0
DA:526,0
DA:528,0
DA:530,0
DA:534,0
DA:537,0
DA:538,0
DA:540,0
DA:541,0
DA:543,0
DA:546,0
DA:547,0
DA:548,0
DA:549,0
DA:551,0
DA:552,0
DA:553,0
DA:556,0
DA:557,0
DA:560,0
DA:561,0
DA:564,0
DA:566,0
DA:567,0
DA:570,0
DA:571,0
DA:574,0
DA:575,0
DA:578,0
DA:589,0
DA:590,0
DA:595,0
DA:603,0
DA:604,0
DA:610,0
DA:613,0
DA:616,0
DA:618,0
DA:620,0
DA:627,0
DA:628,0
DA:629,0
DA:631,0
DA:632,0
DA:633,0
DA:635,0
DA:637,0
DA:639,0
DA:640,0
DA:641,0
DA:642,0
DA:643,0
DA:645,0
DA:647,0
DA:651,0
DA:653,0
DA:654,0
DA:655,0
DA:656,0
DA:658,0
DA:662,0
DA:663,0
DA:665,0
DA:666,0
DA:668,0
DA:672,0
DA:674,0
DA:675,0
DA:676,0
DA:679,0
DA:680,0
DA:683,0
DA:684,0
DA:687,0
DA:689,0
DA:690,0
DA:693,0
DA:694,0
DA:697,0
DA:698,0
DA:701,0
DA:709,0
DA:713,0
DA:714,0
DA:716,0
DA:717,0
DA:720,0
DA:722,0
DA:723,0
DA:724,0
DA:726,0
DA:729,0
DA:731,0
DA:732,0
DA:734,0
DA:735,0
DA:736,0
DA:737,0
DA:739,0
DA:741,0
DA:745,0
DA:748,0
DA:749,0
DA:751,0
DA:752,0
DA:754,0
DA:757,0
DA:758,0
DA:759,0
DA:760,0
DA:762,0
DA:763,0
DA:764,0
DA:767,0
DA:768,0
DA:771,0
DA:772,0
DA:775,0
DA:777,0
DA:778,0
DA:781,0
DA:782,0
DA:785,0
DA:786,0
DA:789,0
DA:792,0
DA:800,0
DA:805,0
DA:806,0
DA:807,0
DA:809,0
DA:810,0
DA:811,0
DA:813,0
DA:816,0
DA:818,0
DA:819,0
DA:821,0
DA:822,0
DA:823,0
DA:824,0
DA:826,0
DA:828,0
DA:832,0
DA:835,0
DA:836,0
DA:838,0
DA:839,0
DA:841,0
DA:844,0
DA:845,0
DA:846,0
DA:847,0
DA:849,0
DA:850,0
DA:851,0
DA:854,0
DA:855,0
DA:858,0
DA:859,0
DA:862,0
DA:864,0
DA:865,0
DA:868,0
DA:869,0
DA:872,0
DA:873,0
DA:876,0
DA:884,0
DA:890,0
DA:894,0
DA:896,0
DA:898,0
DA:905,0
DA:906,0
DA:907,0
DA:909,0
DA:910,0
DA:911,0
DA:913,0
DA:915,0
DA:917,0
DA:918,0
DA:919,0
DA:920,0
DA:921,0
DA:923,0
DA:925,0
DA:929,0
DA:931,0
DA:932,0
DA:933,0
DA:934,0
DA:936,0
DA:940,0
DA:941,0
DA:943,0
DA:944,0
DA:946,0
DA:950,0
DA:952,0
DA:953,0
DA:954,0
DA:957,0
DA:958,0
DA:961,0
DA:962,0
DA:965,0
DA:967,0
DA:968,0
DA:971,0
DA:972,0
DA:975,0
DA:976,0
DA:979,0
DA:987,0
DA:991,0
DA:992,0
DA:994,0
DA:995,0
DA:998,0
DA:1000,0
DA:1001,0
DA:1002,0
DA:1004,0
DA:1007,0
DA:1009,0
DA:1010,0
DA:1012,0
DA:1013,0
DA:1014,0
DA:1015,0
DA:1017,0
DA:1019,0
DA:1023,0
DA:1026,0
DA:1027,0
DA:1029,0
DA:1030,0
DA:1032,0
DA:1035,0
DA:1036,0
DA:1037,0
DA:1038,0
DA:1040,0
DA:1041,0
DA:1042,0
DA:1045,0
DA:1046,0
DA:1049,0
DA:1050,0
DA:1053,0
DA:1055,0
DA:1056,0
DA:1059,0
DA:1060,0
DA:1063,0
DA:1064,0
DA:1067,0
DA:1070,0
DA:1078,0
DA:1083,0
DA:1084,0
DA:1085,0
DA:1087,0
DA:1088,0
DA:1089,0
DA:1091,0
DA:1094,0
DA:1096,0
DA:1097,0
DA:1099,0
DA:1100,0
DA:1101,0
DA:1102,0
DA:1104,0
DA:1106,0
DA:1110,0
DA:1113,0
DA:1114,0
DA:1116,0
DA:1117,0
DA:1119,0
DA:1122,0
DA:1123,0
DA:1124,0
DA:1125,0
DA:1127,0
DA:1128,0
DA:1129,0
DA:1132,0
DA:1133,0
DA:1136,0
DA:1137,0
DA:1140,0
DA:1142,0
DA:1143,0
DA:1146,0
DA:1147,0
DA:1150,0
DA:1151,0
DA:1154,0
DA:1166,0
DA:1171,0
DA:1173,0
DA:1175,0
DA:1182,0
DA:1183,0
DA:1184,0
DA:1186,0
DA:1187,0
DA:1188,0
DA:1190,0
DA:1192,0
DA:1194,0
DA:1195,0
DA:1196,0
DA:1197,0
DA:1198,0
DA:1200,0
DA:1202,0
DA:1206,0
DA:1208,0
DA:1209,0
DA:1210,0
DA:1211,0
DA:1213,0
DA:1217,0
DA:1218,0
DA:1220,0
DA:1221,0
DA:1223,0
DA:1227,0
DA:1229,0
DA:1230,0
DA:1231,0
DA:1234,0
DA:1235,0
DA:1238,0
DA:1239,0
DA:1242,0
DA:1244,0
DA:1245,0
DA:1248,0
DA:1249,0
DA:1252,0
DA:1253,0
DA:1256,0
DA:1264,0
DA:1268,0
DA:1269,0
DA:1271,0
DA:1272,0
DA:1275,0
DA:1277,0
DA:1278,0
DA:1279,0
DA:1281,0
DA:1284,0
DA:1286,0
DA:1287,0
DA:1289,0
DA:1290,0
DA:1291,0
DA:1292,0
DA:1294,0
DA:1296,0
DA:1300,0
DA:1303,0
DA:1304,0
DA:1306,0
DA:1307,0
DA:1309,0
DA:1312,0
DA:1313,0
DA:1314,0
DA:1315,0
DA:1317,0
DA:1318,0
DA:1319,0
DA:1322,0
DA:1323,0
DA:1326,0
DA:1327,0
DA:1330,0
DA:1332,0
DA:1333,0
DA:1336,0
DA:1337,0
DA:1340,0
DA:1341,0
DA:1344,0
DA:1347,0
DA:1355,0
DA:1360,0
DA:1361,0
DA:1362,0
DA:1364,0
DA:1365,0
DA:1366,0
DA:1368,0
DA:1371,0
DA:1373,0
DA:1374,0
DA:1376,0
DA:1377,0
DA:1378,0
DA:1379,0
DA:1381,0
DA:1383,0
DA:1387,0
DA:1390,0
DA:1391,0
DA:1393,0
DA:1394,0
DA:1396,0
DA:1399,0
DA:1400,0
DA:1401,0
DA:1402,0
DA:1404,0
DA:1405,0
DA:1406,0
DA:1409,0
DA:1410,0
DA:1413,0
DA:1414,0
DA:1417,0
DA:1419,0
DA:1420,0
DA:1423,0
DA:1424,0
DA:1427,0
DA:1428,0
DA:1431,0
DA:1443,3
DA:1444,3
DA:1446,3
LF:683
LH:131
BRDA:28,0,0,3
BRDA:28,0,1,0
BRDA:28,1,0,3
BRDA:28,1,1,3
BRDA:28,1,2,3
BRDA:35,2,0,0
BRDA:35,2,1,3
BRDA:35,3,0,3
BRDA:35,3,1,0
BRDA:62,4,0,2
BRDA:62,4,1,0
BRDA:65,5,0,2
BRDA:65,5,1,0
BRDA:78,6,0,2
BRDA:78,6,1,0
BRDA:80,7,0,1
BRDA:80,7,1,0
BRDA:88,8,0,0
BRDA:88,8,1,0
BRDA:90,9,0,0
BRDA:90,9,1,0
BRDA:97,10,0,2
BRDA:97,10,1,0
BRDA:99,11,0,2
BRDA:99,11,1,0
BRDA:100,12,0,1
BRDA:100,12,1,0
BRDA:104,13,0,1
BRDA:104,13,1,0
BRDA:108,14,0,1
BRDA:108,14,1,0
BRDA:114,15,0,1
BRDA:114,15,1,0
BRDA:118,16,0,1
BRDA:118,16,1,0
BRDA:122,17,0,1
BRDA:122,17,1,0
BRDA:134,18,0,1
BRDA:134,18,1,1
BRDA:134,19,0,2
BRDA:134,19,1,2
BRDA:134,19,2,1
BRDA:141,20,0,1
BRDA:141,20,1,0
BRDA:154,21,0,1
BRDA:154,21,1,0
BRDA:157,22,0,2
BRDA:157,22,1,2
BRDA:159,23,0,1
BRDA:159,23,1,1
BRDA:174,24,0,2
BRDA:174,24,1,2
BRDA:176,25,0,1
BRDA:176,25,1,1
BRDA:182,26,0,0
BRDA:182,26,1,1
BRDA:184,27,0,0
BRDA:184,27,1,1
BRDA:187,28,0,1
BRDA:187,28,1,0
BRDA:188,29,0,1
BRDA:188,29,1,0
BRDA:192,30,0,1
BRDA:192,30,1,0
BRDA:196,31,0,1
BRDA:196,31,1,0
BRDA:202,32,0,1
BRDA:202,32,1,0
BRDA:206,33,0,1
BRDA:206,33,1,0
BRDA:210,34,0,1
BRDA:210,34,1,0
BRDA:225,35,0,1
BRDA:225,35,1,0
BRDA:225,36,0,1
BRDA:225,36,1,1
BRDA:225,36,2,1
BRDA:225,36,3,1
BRDA:241,37,0,1
BRDA:241,37,1,0
BRDA:244,38,0,2
BRDA:244,38,1,2
BRDA:246,39,0,1
BRDA:246,39,1,1
BRDA:261,40,0,1
BRDA:261,40,1,1
BRDA:263,41,0,1
BRDA:263,41,1,0
BRDA:269,42,0,0
BRDA:269,42,1,1
BRDA:271,43,0,1
BRDA:271,43,1,0
BRDA:274,44,0,1
BRDA:274,44,1,0
BRDA:275,45,0,0
BRDA:275,45,1,1
BRDA:279,46,0,0
BRDA:279,46,1,1
BRDA:283,47,0,1
BRDA:283,47,1,0
BRDA:289,48,0,1
BRDA:289,48,1,0
BRDA:293,49,0,1
BRDA:293,49,1,0
BRDA:297,50,0,1
BRDA:297,50,1,0
BRDA:314,51,0,0
BRDA:314,51,1,2
BRDA:316,52,0,0
BRDA:316,52,1,0
BRDA:339,53,0,0
BRDA:339,53,1,0
BRDA:342,54,0,0
BRDA:342,54,1,0
BRDA:355,55,0,0
BRDA:355,55,1,0
BRDA:357,56,0,0
BRDA:357,56,1,0
BRDA:365,57,0,0
BRDA:365,57,1,0
BRDA:367,58,0,0
BRDA:367,58,1,0
BRDA:374,59,0,0
BRDA:374,59,1,0
BRDA:376,60,0,0
BRDA:376,60,1,0
BRDA:377,61,0,0
BRDA:377,61,1,0
BRDA:381,62,0,0
BRDA:381,62,1,0
BRDA:385,63,0,0
BRDA:385,63,1,0
BRDA:391,64,0,0
BRDA:391,64,1,0
BRDA:395,65,0,0
BRDA:395,65,1,0
BRDA:399,66,0,0
BRDA:399,66,1,0
BRDA:411,67,0,0
BRDA:411,67,1,0
BRDA:411,68,0,0
BRDA:411,68,1,0
BRDA:411,68,2,0
BRDA:418,69,0,0
BRDA:418,69,1,0
BRDA:431,70,0,0
BRDA:431,70,1,0
BRDA:434,71,0,0
BRDA:434,71,1,0
BRDA:436,72,0,0
BRDA:436,72,1,0
BRDA:451,73,0,0
BRDA:451,73,1,0
BRDA:453,74,0,0
BRDA:453,74,1,0
BRDA:459,75,0,0
BRDA:459,75,1,0
BRDA:461,76,0,0
BRDA:461,76,1,0
BRDA:464,77,0,0
BRDA:464,77,1,0
BRDA:465,78,0,0
BRDA:465,78,1,0
BRDA:469,79,0,0
BRDA:469,79,1,0
BRDA:473,80,0,0
BRDA:473,80,1,0
BRDA:479,81,0,0
BRDA:479,81,1,0
BRDA:483,82,0,0
BRDA:483,82,1,0
BRDA:487,83,0,0
BRDA:487,83,1,0
BRDA:502,84,0,0
BRDA:502,84,1,0
BRDA:502,85,0,0
BRDA:502,85,1,0
BRDA:502,85,2,0
BRDA:502,85,3,0
BRDA:518,86,0,0
BRDA:518,86,1,0
BRDA:521,87,0,0
BRDA:521,87,1,0
BRDA:523,88,0,0
BRDA:523,88,1,0
BRDA:538,89,0,0
BRDA:538,89,1,0
BRDA:540,90,0,0
BRDA:540,90,1,0
BRDA:546,91,0,0
BRDA:546,91,1,0
BRDA:548,92,0,0
BRDA:548,92,1,0
BRDA:551,93,0,0
BRDA:551,93,1,0
BRDA:552,94,0,0
BRDA:552,94,1,0
BRDA:556,95,0,0
BRDA:556,95,1,0
BRDA:560,96,0,0
BRDA:560,96,1,0
BRDA:566,97,0,0
BRDA:566,97,1,0
BRDA:570,98,0,0
BRDA:570,98,1,0
BRDA:574,99,0,0
BRDA:574,99,1,0
BRDA:595,100,0,0
BRDA:595,100,1,0
BRDA:595,101,0,0
BRDA:595,101,1,0
BRDA:595,101,2,0
BRDA:603,102,0,0
BRDA:603,102,1,0
BRDA:610,103,0,0
BRDA:610,103,1,0
BRDA:610,104,0,0
BRDA:610,104,1,0
BRDA:637,105,0,0
BRDA:637,105,1,0
BRDA:640,106,0,0
BRDA:640,106,1,0
BRDA:653,107,0,0
BRDA:653,107,1,0
BRDA:655,108,0,0
BRDA:655,108,1,0
BRDA:663,109,0,0
BRDA:663,109,1,0
BRDA:665,110,0,0
BRDA:665,110,1,0
BRDA:672,111,0,0
BRDA:672,111,1,0
BRDA:674,112,0,0
BRDA:674,112,1,0
BRDA:675,113,0,0
BRDA:675,113,1,0
BRDA:679,114,0,0
BRDA:679,114,1,0
BRDA:683,115,0,0
BRDA:683,115,1,0
BRDA:689,116,0,0
BRDA:689,116,1,0
BRDA:693,117,0,0
BRDA:693,117,1,0
BRDA:697,118,0,0
BRDA:697,118,1,0
BRDA:709,119,0,0
BRDA:709,119,1,0
BRDA:709,120,0,0
BRDA:709,120,1,0
BRDA:709,120,2,0
BRDA:716,121,0,0
BRDA:716,121,1,0
BRDA:729,122,0,0
BRDA:729,122,1,0
BRDA:732,123,0,0
BRDA:732,123,1,0
BRDA:734,124,0,0
BRDA:734,124,1,0
BRDA:749,125,0,0
BRDA:749,125,1,0
BRDA:751,126,0,0
BRDA:751,126,1,0
BRDA:757,127,0,0
BRDA:757,127,1,0
BRDA:759,128,0,0
BRDA:759,128,1,0
BRDA:762,129,0,0
BRDA:762,129,1,0
BRDA:763,130,0,0
BRDA:763,130,1,0
BRDA:767,131,0,0
BRDA:767,131,1,0
BRDA:771,132,0,0
BRDA:771,132,1,0
BRDA:777,133,0,0
BRDA:777,133,1,0
BRDA:781,134,0,0
BRDA:781,134,1,0
BRDA:785,135,0,0
BRDA:785,135,1,0
BRDA:800,136,0,0
BRDA:800,136,1,0
BRDA:800,137,0,0
BRDA:800,137,1,0
BRDA:800,137,2,0
BRDA:800,137,3,0
BRDA:816,138,0,0
BRDA:816,138,1,0
BRDA:819,139,0,0
BRDA:819,139,1,0
BRDA:821,140,0,0
BRDA:821,140,1,0
BRDA:836,141,0,0
BRDA:836,141,1,0
BRDA:838,142,0,0
BRDA:838,142,1,0
BRDA:844,143,0,0
BRDA:844,143,1,0
BRDA:846,144,0,0
BRDA:846,144,1,0
BRDA:849,145,0,0
BRDA:849,145,1,0
BRDA:850,146,0,0
BRDA:850,146,1,0
BRDA:854,147,0,0
BRDA:854,147,1,0
BRDA:858,148,0,0
BRDA:858,148,1,0
BRDA:864,149,0,0
BRDA:864,149,1,0
BRDA:868,150,0,0
BRDA:868,150,1,0
BRDA:872,151,0,0
BRDA:872,151,1,0
BRDA:890,152,0,0
BRDA:890,152,1,0
BRDA:890,153,0,0
BRDA:890,153,1,0
BRDA:890,153,2,0
BRDA:915,154,0,0
BRDA:915,154,1,0
BRDA:918,155,0,0
BRDA:918,155,1,0
BRDA:931,156,0,0
BRDA:931,156,1,0
BRDA:933,157,0,0
BRDA:933,157,1,0
BRDA:941,158,0,0
BRDA:941,158,1,0
BRDA:943,159,0,0
BRDA:943,159,1,0
BRDA:950,160,0,0
BRDA:950,160,1,0
BRDA:952,161,0,0
BRDA:952,161,1,0
BRDA:953,162,0,0
BRDA:953,162,1,0
BRDA:957,163,0,0
BRDA:957,163,1,0
BRDA:961,164,0,0
BRDA:961,164,1,0
BRDA:967,165,0,0
BRDA:967,165,1,0
BRDA:971,166,0,0
BRDA:971,166,1,0
BRDA:975,167,0,0
BRDA:975,167,1,0
BRDA:987,168,0,0
BRDA:987,168,1,0
BRDA:987,169,0,0
BRDA:987,169,1,0
BRDA:987,169,2,0
BRDA:994,170,0,0
BRDA:994,170,1,0
BRDA:1007,171,0,0
BRDA:1007,171,1,0
BRDA:1010,172,0,0
BRDA:1010,172,1,0
BRDA:1012,173,0,0
BRDA:1012,173,1,0
BRDA:1027,174,0,0
BRDA:1027,174,1,0
BRDA:1029,175,0,0
BRDA:1029,175,1,0
BRDA:1035,176,0,0
BRDA:1035,176,1,0
BRDA:1037,177,0,0
BRDA:1037,177,1,0
BRDA:1040,178,0,0
BRDA:1040,178,1,0
BRDA:1041,179,0,0
BRDA:1041,179,1,0
BRDA:1045,180,0,0
BRDA:1045,180,1,0
BRDA:1049,181,0,0
BRDA:1049,181,1,0
BRDA:1055,182,0,0
BRDA:1055,182,1,0
BRDA:1059,183,0,0
BRDA:1059,183,1,0
BRDA:1063,184,0,0
BRDA:1063,184,1,0
BRDA:1078,185,0,0
BRDA:1078,185,1,0
BRDA:1078,186,0,0
BRDA:1078,186,1,0
BRDA:1078,186,2,0
BRDA:1078,186,3,0
BRDA:1094,187,0,0
BRDA:1094,187,1,0
BRDA:1097,188,0,0
BRDA:1097,188,1,0
BRDA:1099,189,0,0
BRDA:1099,189,1,0
BRDA:1114,190,0,0
BRDA:1114,190,1,0
BRDA:1116,191,0,0
BRDA:1116,191,1,0
BRDA:1122,192,0,0
BRDA:1122,192,1,0
BRDA:1124,193,0,0
BRDA:1124,193,1,0
BRDA:1127,194,0,0
BRDA:1127,194,1,0
BRDA:1128,195,0,0
BRDA:1128,195,1,0
BRDA:1132,196,0,0
BRDA:1132,196,1,0
BRDA:1136,197,0,0
BRDA:1136,197,1,0
BRDA:1142,198,0,0
BRDA:1142,198,1,0
BRDA:1146,199,0,0
BRDA:1146,199,1,0
BRDA:1150,200,0,0
BRDA:1150,200,1,0
BRDA:1166,201,0,0
BRDA:1166,201,1,0
BRDA:1166,202,0,0
BRDA:1166,202,1,0
BRDA:1166,202,2,0
BRDA:1166,202,3,0
BRDA:1192,203,0,0
BRDA:1192,203,1,0
BRDA:1195,204,0,0
BRDA:1195,204,1,0
BRDA:1208,205,0,0
BRDA:1208,205,1,0
BRDA:1210,206,0,0
BRDA:1210,206,1,0
BRDA:1218,207,0,0
BRDA:1218,207,1,0
BRDA:1220,208,0,0
BRDA:1220,208,1,0
BRDA:1227,209,0,0
BRDA:1227,209,1,0
BRDA:1229,210,0,0
BRDA:1229,210,1,0
BRDA:1230,211,0,0
BRDA:1230,211,1,0
BRDA:1234,212,0,0
BRDA:1234,212,1,0
BRDA:1238,213,0,0
BRDA:1238,213,1,0
BRDA:1244,214,0,0
BRDA:1244,214,1,0
BRDA:1248,215,0,0
BRDA:1248,215,1,0
BRDA:1252,216,0,0
BRDA:1252,216,1,0
BRDA:1264,217,0,0
BRDA:1264,217,1,0
BRDA:1264,218,0,0
BRDA:1264,218,1,0
BRDA:1264,218,2,0
BRDA:1271,219,0,0
BRDA:1271,219,1,0
BRDA:1284,220,0,0
BRDA:1284,220,1,0
BRDA:1287,221,0,0
BRDA:1287,221,1,0
BRDA:1289,222,0,0
BRDA:1289,222,1,0
BRDA:1304,223,0,0
BRDA:1304,223,1,0
BRDA:1306,224,0,0
BRDA:1306,224,1,0
BRDA:1312,225,0,0
BRDA:1312,225,1,0
BRDA:1314,226,0,0
BRDA:1314,226,1,0
BRDA:1317,227,0,0
BRDA:1317,227,1,0
BRDA:1318,228,0,0
BRDA:1318,228,1,0
BRDA:1322,229,0,0
BRDA:1322,229,1,0
BRDA:1326,230,0,0
BRDA:1326,230,1,0
BRDA:1332,231,0,0
BRDA:1332,231,1,0
BRDA:1336,232,0,0
BRDA:1336,232,1,0
BRDA:1340,233,0,0
BRDA:1340,233,1,0
BRDA:1355,234,0,0
BRDA:1355,234,1,0
BRDA:1355,235,0,0
BRDA:1355,235,1,0
BRDA:1355,235,2,0
BRDA:1355,235,3,0
BRDA:1371,236,0,0
BRDA:1371,236,1,0
BRDA:1374,237,0,0
BRDA:1374,237,1,0
BRDA:1376,238,0,0
BRDA:1376,238,1,0
BRDA:1391,239,0,0
BRDA:1391,239,1,0
BRDA:1393,240,0,0
BRDA:1393,240,1,0
BRDA:1399,241,0,0
BRDA:1399,241,1,0
BRDA:1401,242,0,0
BRDA:1401,242,1,0
BRDA:1404,243,0,0
BRDA:1404,243,1,0
BRDA:1405,244,0,0
BRDA:1405,244,1,0
BRDA:1409,245,0,0
BRDA:1409,245,1,0
BRDA:1413,246,0,0
BRDA:1413,246,1,0
BRDA:1419,247,0,0
BRDA:1419,247,1,0
BRDA:1423,248,0,0
BRDA:1423,248,1,0
BRDA:1427,249,0,0
BRDA:1427,249,1,0
BRDA:1443,250,0,3
BRDA:1443,250,1,0
BRDA:1444,251,0,3
BRDA:1444,251,1,0
BRF:524
BRH:67
end_of_record
TN:
SF:src/metrics/classesPerFile.metric.js
FN:12,(anonymous_0)
FN:17,(anonymous_1)
FN:45,(anonymous_2)
FN:48,(anonymous_3)
FN:73,(anonymous_4)
FN:76,(anonymous_5)
FN:87,(anonymous_6)
FN:102,(anonymous_7)
FN:119,(anonymous_8)
FN:122,(anonymous_9)
FN:145,(anonymous_10)
FN:148,(anonymous_11)
FN:172,(anonymous_12)
FN:175,(anonymous_13)
FN:187,postProcessing
FNF:15
FNH:5
FNDA:6,(anonymous_0)
FNDA:3,(anonymous_1)
FNDA:4,(anonymous_2)
FNDA:1,(anonymous_3)
FNDA:0,(anonymous_4)
FNDA:0,(anonymous_5)
FNDA:0,(anonymous_6)
FNDA:0,(anonymous_7)
FNDA:0,(anonymous_8)
FNDA:0,(anonymous_9)
FNDA:0,(anonymous_10)
FNDA:0,(anonymous_11)
FNDA:0,(anonymous_12)
FNDA:0,(anonymous_13)
FNDA:3,postProcessing
DA:1,3
DA:10,3
DA:13,6
DA:14,6
DA:18,3
DA:19,3
DA:28,3
DA:35,3
DA:38,0
DA:41,3
DA:42,3
DA:44,3
DA:46,4
DA:49,1
DA:52,0
DA:57,2
DA:64,0
DA:66,0
DA:70,0
DA:72,0
DA:74,0
DA:77,0
DA:80,0
DA:88,0
DA:89,0
DA:94,0
DA:102,0
DA:103,0
DA:109,0
DA:112,0
DA:115,0
DA:116,0
DA:118,0
DA:120,0
DA:123,0
DA:126,0
DA:131,0
DA:137,0
DA:141,0
DA:142,0
DA:144,0
DA:146,0
DA:149,0
DA:152,0
DA:157,0
DA:163,0
DA:168,0
DA:169,0
DA:171,0
DA:173,0
DA:176,0
DA:179,0
DA:188,3
DA:189,3
DA:191,3
LF:55
LH:17
BRDA:28,0,0,3
BRDA:28,0,1,0
BRDA:28,1,0,3
BRDA:28,1,1,3
BRDA:28,1,2,3
BRDA:35,2,0,0
BRDA:35,2,1,3
BRDA:35,3,0,3
BRDA:35,3,1,0
BRDA:49,4,0,0
BRDA:49,4,1,0
BRDA:49,5,0,1
BRDA:49,5,1,0
BRDA:64,6,0,0
BRDA:64,6,1,0
BRDA:66,7,0,0
BRDA:66,7,1,0
BRDA:77,8,0,0
BRDA:77,8,1,0
BRDA:77,9,0,0
BRDA:77,9,1,0
BRDA:94,10,0,0
BRDA:94,10,1,0
BRDA:94,11,0,0
BRDA:94,11,1,0
BRDA:94,11,2,0
BRDA:102,12,0,0
BRDA:102,12,1,0
BRDA:109,13,0,0
BRDA:109,13,1,0
BRDA:109,14,0,0
BRDA:109,14,1,0
BRDA:123,15,0,0
BRDA:123,15,1,0
BRDA:123,16,0,0
BRDA:123,16,1,0
BRDA:137,17,0,0
BRDA:137,17,1,0
BRDA:137,18,0,0
BRDA:137,18,1,0
BRDA:137,18,2,0
BRDA:149,19,0,0
BRDA:149,19,1,0
BRDA:149,20,0,0
BRDA:149,20,1,0
BRDA:163,21,0,0
BRDA:163,21,1,0
BRDA:163,22,0,0
BRDA:163,22,1,0
BRDA:163,22,2,0
BRDA:163,22,3,0
BRDA:176,23,0,0
BRDA:176,23,1,0
BRDA:176,24,0,0
BRDA:176,24,1,0
BRDA:188,25,0,3
BRDA:188,25,1,0
BRDA:189,26,0,3
BRDA:189,26,1,0
BRF:59
BRH:9
end_of_record
TN:
SF:src/metrics/fileCoupling.metric.js
FN:15,(anonymous_0)
FN:21,(anonymous_1)
FN:31,(anonymous_2)
FN:45,(anonymous_3)
FN:56,resolveImportPath
FN:91,postProcessing
FNF:6
FNH:3
FNDA:6,(anonymous_0)
FNDA:0,(anonymous_1)
FNDA:16,(anonymous_2)
FNDA:0,(anonymous_3)
FNDA:0,resolveImportPath
FNDA:3,postProcessing
DA:4,3
DA:13,3
DA:16,6
DA:17,6
DA:18,6
DA:22,0
DA:23,0
DA:24,0
DA:26,0
DA:28,0
DA:32,16
DA:34,16
DA:36,0
DA:37,0
DA:39,0
DA:41,0
DA:46,0
DA:47,0
DA:48,0
DA:50,0
DA:52,0
DA:57,0
DA:58,0
DA:61,0
DA:63,0
DA:66,0
DA:67,0
DA:71,0
DA:72,0
DA:73,0
DA:74,0
DA:79,0
DA:80,0
DA:81,0
DA:82,0
DA:87,0
DA:92,3
DA:93,3
DA:96,3
DA:97,6
DA:104,3
DA:105,6
DA:106,0
DA:107,0
DA:109,0
DA:114,3
DA:117,3
DA:118,3
DA:120,3
LF:49
LH:17
BRDA:26,0,0,0
BRDA:26,0,1,0
BRDA:34,1,0,0
BRDA:34,1,1,16
BRDA:34,2,0,16
BRDA:34,2,1,0
BRDA:34,2,2,0
BRDA:39,3,0,0
BRDA:39,3,1,0
BRDA:50,4,0,0
BRDA:50,4,1,0
BRDA:57,5,0,0
BRDA:57,5,1,0
BRDA:57,6,0,0
BRDA:57,6,1,0
BRDA:66,7,0,0
BRDA:66,7,1,0
BRDA:66,8,0,0
BRDA:66,8,1,0
BRDA:73,9,0,0
BRDA:73,9,1,0
BRDA:81,10,0,0
BRDA:81,10,1,0
BRDA:106,11,0,0
BRDA:106,11,1,0
BRF:25
BRH:2
end_of_record
TN:
SF:src/metrics/files.metric.js
FN:14,(anonymous_0)
FN:25,postProcessing
FNF:2
FNH:2
FNDA:6,(anonymous_0)
FNDA:3,postProcessing
DA:1,3
DA:9,3
DA:15,6
DA:16,6
DA:17,6
DA:18,6
DA:26,3
DA:27,3
DA:29,3
LF:9
LH:9
BRDA:16,0,0,6
BRDA:16,0,1,0
BRDA:17,1,0,6
BRDA:17,1,1,0
BRDA:26,2,0,3
BRDA:26,2,1,0
BRDA:27,3,0,3
BRDA:27,3,1,0
BRF:8
BRH:4
end_of_record
TN:
SF:src/metrics/functionCoupling.metric.js
FN:12,(anonymous_0)
FN:21,(anonymous_1)
FN:34,(anonymous_2)
FN:76,(anonymous_3)
FN:89,(anonymous_4)
FN:131,(anonymous_5)
FN:144,(anonymous_6)
FN:184,postProcessing
FNF:8
FNH:8
FNDA:6,(anonymous_0)
FNDA:4,(anonymous_1)
FNDA:4,(anonymous_2)
FNDA:4,(anonymous_3)
FNDA:4,(anonymous_4)
FNDA:4,(anonymous_5)
FNDA:4,(anonymous_6)
FNDA:3,postProcessing
DA:1,3
DA:10,3
DA:13,6
DA:14,6
DA:22,4
DA:24,4
DA:25,4
DA:26,0
DA:28,0
DA:30,0
DA:33,4
DA:35,4
DA:36,0
DA:39,4
DA:41,4
DA:42,0
DA:45,4
DA:46,4
DA:49,4
DA:50,4
DA:53,4
DA:55,4
DA:56,0
DA:59,4
DA:60,4
DA:63,4
DA:64,4
DA:67,4
DA:77,4
DA:79,4
DA:80,0
DA:81,4
DA:83,4
DA:85,0
DA:88,4
DA:90,4
DA:91,0
DA:94,4
DA:96,4
DA:97,0
DA:100,4
DA:101,4
DA:104,4
DA:105,4
DA:108,4
DA:110,4
DA:111,0
DA:114,4
DA:115,4
DA:118,4
DA:119,4
DA:122,4
DA:132,4
DA:134,4
DA:135,0
DA:136,4
DA:138,4
DA:140,0
DA:143,4
DA:145,4
DA:146,0
DA:149,4
DA:151,4
DA:152,0
DA:155,4
DA:156,4
DA:159,4
DA:160,4
DA:163,4
DA:165,4
DA:166,0
DA:169,4
DA:170,4
DA:173,4
DA:174,4
DA:177,4
DA:185,3
DA:186,3
DA:188,3
LF:79
LH:63
BRDA:24,0,0,4
BRDA:24,0,1,0
BRDA:24,1,0,4
BRDA:24,1,1,4
BRDA:26,2,0,0
BRDA:26,2,1,0
BRDA:26,3,0,0
BRDA:26,3,1,0
BRDA:35,4,0,0
BRDA:35,4,1,4
BRDA:35,5,0,4
BRDA:35,5,1,4
BRDA:41,6,0,0
BRDA:41,6,1,4
BRDA:45,7,0,4
BRDA:45,7,1,0
BRDA:49,8,0,4
BRDA:49,8,1,0
BRDA:55,9,0,0
BRDA:55,9,1,4
BRDA:59,10,0,4
BRDA:59,10,1,0
BRDA:63,11,0,4
BRDA:63,11,1,0
BRDA:79,12,0,0
BRDA:79,12,1,4
BRDA:79,13,0,4
BRDA:79,13,1,0
BRDA:81,14,0,4
BRDA:81,14,1,0
BRDA:81,15,0,4
BRDA:81,15,1,4
BRDA:90,16,0,0
BRDA:90,16,1,4
BRDA:90,17,0,4
BRDA:90,17,1,4
BRDA:96,18,0,0
BRDA:96,18,1,4
BRDA:100,19,0,4
BRDA:100,19,1,0
BRDA:104,20,0,4
BRDA:104,20,1,0
BRDA:110,21,0,0
BRDA:110,21,1,4
BRDA:114,22,0,4
BRDA:114,22,1,0
BRDA:118,23,0,4
BRDA:118,23,1,0
BRDA:134,24,0,0
BRDA:134,24,1,4
BRDA:134,25,0,4
BRDA:134,25,1,0
BRDA:136,26,0,4
BRDA:136,26,1,0
BRDA:136,27,0,4
BRDA:136,27,1,4
BRDA:145,28,0,0
BRDA:145,28,1,4
BRDA:145,29,0,4
BRDA:145,29,1,4
BRDA:151,30,0,0
BRDA:151,30,1,4
BRDA:155,31,0,4
BRDA:155,31,1,0
BRDA:159,32,0,4
BRDA:159,32,1,0
BRDA:165,33,0,0
BRDA:165,33,1,4
BRDA:169,34,0,4
BRDA:169,34,1,0
BRDA:173,35,0,4
BRDA:173,35,1,0
BRDA:185,36,0,3
BRDA:185,36,1,0
BRDA:186,37,0,3
BRDA:186,37,1,0
BRF:76
BRH:42
end_of_record
TN:
SF:src/metrics/functionsPerFile.metric.js
FN:12,(anonymous_0)
FN:22,(anonymous_1)
FN:45,(anonymous_2)
FN:68,(anonymous_3)
FN:89,postProcessing
FNF:5
FNH:5
FNDA:6,(anonymous_0)
FNDA:4,(anonymous_1)
FNDA:4,(anonymous_2)
FNDA:4,(anonymous_3)
FNDA:3,postProcessing
DA:1,3
DA:10,3
DA:13,6
DA:14,6
DA:15,6
DA:23,4
DA:25,4
DA:26,4
DA:27,0
DA:29,0
DA:31,0
DA:34,4
DA:35,4
DA:38,4
DA:46,4
DA:48,4
DA:49,0
DA:50,4
DA:52,4
DA:54,0
DA:57,4
DA:58,4
DA:61,4
DA:69,4
DA:71,4
DA:72,0
DA:73,4
DA:75,4
DA:77,0
DA:80,4
DA:81,4
DA:84,4
DA:90,3
DA:91,3
DA:93,3
LF:35
LH:28
BRDA:25,0,0,4
BRDA:25,0,1,0
BRDA:25,1,0,4
BRDA:25,1,1,4
BRDA:27,2,0,0
BRDA:27,2,1,0
BRDA:27,3,0,0
BRDA:27,3,1,0
BRDA:34,4,0,4
BRDA:34,4,1,0
BRDA:48,5,0,0
BRDA:48,5,1,4
BRDA:48,6,0,4
BRDA:48,6,1,0
BRDA:50,7,0,4
BRDA:50,7,1,0
BRDA:50,8,0,4
BRDA:50,8,1,4
BRDA:57,9,0,4
BRDA:57,9,1,0
BRDA:71,10,0,0
BRDA:71,10,1,4
BRDA:71,11,0,4
BRDA:71,11,1,0
BRDA:73,12,0,4
BRDA:73,12,1,0
BRDA:73,13,0,4
BRDA:73,13,1,4
BRDA:80,14,0,4
BRDA:80,14,1,0
BRDA:90,15,0,3
BRDA:90,15,1,0
BRDA:91,16,0,3
BRDA:91,16,1,0
BRF:34
BRH:18
end_of_record
TN:
SF:src/metrics/instanceMapper.metric.js
FN:13,(anonymous_0)
FN:18,(anonymous_1)
FN:46,(anonymous_2)
FN:48,(anonymous_3)
FN:68,(anonymous_4)
FN:73,(anonymous_5)
FN:112,(anonymous_6)
FN:114,(anonymous_7)
FN:134,(anonymous_8)
FN:139,(anonymous_9)
FN:164,(anonymous_10)
FN:179,(anonymous_11)
FN:196,(anonymous_12)
FN:198,(anonymous_13)
FN:218,(anonymous_14)
FN:223,(anonymous_15)
FN:260,(anonymous_16)
FN:262,(anonymous_17)
FN:282,(anonymous_18)
FN:287,(anonymous_19)
FN:325,(anonymous_20)
FN:327,(anonymous_21)
FN:347,(anonymous_22)
FN:352,(anonymous_23)
FN:378,postProcessing
FNF:25
FNH:6
FNDA:6,(anonymous_0)
FNDA:3,(anonymous_1)
FNDA:4,(anonymous_2)
FNDA:1,(anonymous_3)
FNDA:1,(anonymous_4)
FNDA:0,(anonymous_5)
FNDA:0,(anonymous_6)
FNDA:0,(anonymous_7)
FNDA:0,(anonymous_8)
FNDA:0,(anonymous_9)
FNDA:0,(anonymous_10)
FNDA:0,(anonymous_11)
FNDA:0,(anonymous_12)
FNDA:0,(anonymous_13)
FNDA:0,(anonymous_14)
FNDA:0,(anonymous_15)
FNDA:0,(anonymous_16)
FNDA:0,(anonymous_17)
FNDA:0,(anonymous_18)
FNDA:0,(anonymous_19)
FNDA:0,(anonymous_20)
FNDA:0,(anonymous_21)
FNDA:0,(anonymous_22)
FNDA:0,(anonymous_23)
FNDA:3,postProcessing
DA:1,3
DA:11,3
DA:14,6
DA:15,6
DA:19,3
DA:20,3
DA:29,3
DA:36,3
DA:39,0
DA:42,3
DA:43,3
DA:45,3
DA:47,4
DA:49,1
DA:56,1
DA:59,1
DA:63,0
DA:69,1
DA:72,0
DA:74,0
DA:81,0
DA:84,0
DA:88,0
DA:96,2
DA:103,0
DA:105,0
DA:109,0
DA:111,0
DA:113,0
DA:115,0
DA:122,0
DA:125,0
DA:129,0
DA:135,0
DA:138,0
DA:140,0
DA:147,0
DA:150,0
DA:154,0
DA:165,0
DA:166,0
DA:171,0
DA:179,0
DA:180,0
DA:186,0
DA:189,0
DA:192,0
DA:193,0
DA:195,0
DA:197,0
DA:199,0
DA:206,0
DA:209,0
DA:213,0
DA:219,0
DA:222,0
DA:224,0
DA:231,0
DA:234,0
DA:238,0
DA:246,0
DA:252,0
DA:256,0
DA:257,0
DA:259,0
DA:261,0
DA:263,0
DA:270,0
DA:273,0
DA:277,0
DA:283,0
DA:286,0
DA:288,0
DA:295,0
DA:298,0
DA:302,0
DA:310,0
DA:316,0
DA:321,0
DA:322,0
DA:324,0
DA:326,0
DA:328,0
DA:335,0
DA:338,0
DA:342,0
DA:348,0
DA:351,0
DA:353,0
DA:360,0
DA:363,0
DA:367,0
DA:379,3
DA:380,3
DA:382,3
LF:95
LH:20
BRDA:29,0,0,3
BRDA:29,0,1,0
BRDA:29,1,0,3
BRDA:29,1,1,3
BRDA:29,1,2,3
BRDA:36,2,0,0
BRDA:36,2,1,3
BRDA:36,3,0,3
BRDA:36,3,1,0
BRDA:49,4,0,1
BRDA:49,4,1,0
BRDA:49,5,0,1
BRDA:49,5,1,1
BRDA:49,5,2,1
BRDA:49,5,3,1
BRDA:49,5,4,1
BRDA:59,6,0,0
BRDA:59,6,1,1
BRDA:59,7,0,1
BRDA:59,7,1,1
BRDA:59,7,2,0
BRDA:69,8,0,0
BRDA:69,8,1,0
BRDA:69,9,0,1
BRDA:69,9,1,0
BRDA:74,10,0,0
BRDA:74,10,1,0
BRDA:74,11,0,0
BRDA:74,11,1,0
BRDA:74,11,2,0
BRDA:74,11,3,0
BRDA:74,11,4,0
BRDA:84,12,0,0
BRDA:84,12,1,0
BRDA:84,13,0,0
BRDA:84,13,1,0
BRDA:84,13,2,0
BRDA:103,14,0,0
BRDA:103,14,1,0
BRDA:105,15,0,0
BRDA:105,15,1,0
BRDA:115,16,0,0
BRDA:115,16,1,0
BRDA:115,17,0,0
BRDA:115,17,1,0
BRDA:115,17,2,0
BRDA:115,17,3,0
BRDA:115,17,4,0
BRDA:125,18,0,0
BRDA:125,18,1,0
BRDA:125,19,0,0
BRDA:125,19,1,0
BRDA:125,19,2,0
BRDA:135,20,0,0
BRDA:135,20,1,0
BRDA:135,21,0,0
BRDA:135,21,1,0
BRDA:140,22,0,0
BRDA:140,22,1,0
BRDA:140,23,0,0
BRDA:140,23,1,0
BRDA:140,23,2,0
BRDA:140,23,3,0
BRDA:140,23,4,0
BRDA:150,24,0,0
BRDA:150,24,1,0
BRDA:150,25,0,0
BRDA:150,25,1,0
BRDA:150,25,2,0
BRDA:171,26,0,0
BRDA:171,26,1,0
BRDA:171,27,0,0
BRDA:171,27,1,0
BRDA:171,27,2,0
BRDA:179,28,0,0
BRDA:179,28,1,0
BRDA:186,29,0,0
BRDA:186,29,1,0
BRDA:186,30,0,0
BRDA:186,30,1,0
BRDA:199,31,0,0
BRDA:199,31,1,0
BRDA:199,32,0,0
BRDA:199,32,1,0
BRDA:199,32,2,0
BRDA:199,32,3,0
BRDA:199,32,4,0
BRDA:209,33,0,0
BRDA:209,33,1,0
BRDA:209,34,0,0
BRDA:209,34,1,0
BRDA:209,34,2,0
BRDA:219,35,0,0
BRDA:219,35,1,0
BRDA:219,36,0,0
BRDA:219,36,1,0
BRDA:224,37,0,0
BRDA:224,37,1,0
BRDA:224,38,0,0
BRDA:224,38,1,0
BRDA:224,38,2,0
BRDA:224,38,3,0
BRDA:224,38,4,0
BRDA:234,39,0,0
BRDA:234,39,1,0
BRDA:234,40,0,0
BRDA:234,40,1,0
BRDA:234,40,2,0
BRDA:252,41,0,0
BRDA:252,41,1,0
BRDA:252,42,0,0
BRDA:252,42,1,0
BRDA:252,42,2,0
BRDA:263,43,0,0
BRDA:263,43,1,0
BRDA:263,44,0,0
BRDA:263,44,1,0
BRDA:263,44,2,0
BRDA:263,44,3,0
BRDA:263,44,4,0
BRDA:273,45,0,0
BRDA:273,45,1,0
BRDA:273,46,0,0
BRDA:273,46,1,0
BRDA:273,46,2,0
BRDA:283,47,0,0
BRDA:283,47,1,0
BRDA:283,48,0,0
BRDA:283,48,1,0
BRDA:288,49,0,0
BRDA:288,49,1,0
BRDA:288,50,0,0
BRDA:288,50,1,0
BRDA:288,50,2,0
BRDA:288,50,3,0
BRDA:288,50,4,0
BRDA:298,51,0,0
BRDA:298,51,1,0
BRDA:298,52,0,0
BRDA:298,52,1,0
BRDA:298,52,2,0
BRDA:316,53,0,0
BRDA:316,53,1,0
BRDA:316,54,0,0
BRDA:316,54,1,0
BRDA:316,54,2,0
BRDA:316,54,3,0
BRDA:328,55,0,0
BRDA:328,55,1,0
BRDA:328,56,0,0
BRDA:328,56,1,0
BRDA:328,56,2,0
BRDA:328,56,3,0
BRDA:328,56,4,0
BRDA:338,57,0,0
BRDA:338,57,1,0
BRDA:338,58,0,0
BRDA:338,58,1,0
BRDA:338,58,2,0
BRDA:348,59,0,0
BRDA:348,59,1,0
BRDA:348,60,0,0
BRDA:348,60,1,0
BRDA:353,61,0,0
BRDA:353,61,1,0
BRDA:353,62,0,0
BRDA:353,62,1,0
BRDA:353,62,2,0
BRDA:353,62,3,0
BRDA:353,62,4,0
BRDA:363,63,0,0
BRDA:363,63,1,0
BRDA:363,64,0,0
BRDA:363,64,1,0
BRDA:363,64,2,0
BRDA:379,65,0,3
BRDA:379,65,1,0
BRDA:380,66,0,3
BRDA:380,66,1,0
BRF:179
BRH:18
end_of_record
TN:
SF:src/sorting/kahnSort.js
FN:34,kahnSort
FNF:1
FNH:1
FNDA:8,kahnSort
DA:39,8
DA:45,8
DA:51,8
DA:54,8
DA:55,33
DA:56,33
DA:57,1
DA:59,32
DA:60,32
DA:61,32
DA:65,7
DA:66,31
DA:67,31
DA:69,28
DA:70,0
DA:71,0
DA:73,28
DA:74,28
DA:79,7
DA:80,7
DA:81,31
DA:82,7
DA:90,7
DA:93,7
DA:95,28
DA:96,28
DA:97,28
DA:100,28
DA:101,25
DA:102,25
DA:103,21
DA:109,7
LF:32
LH:30
BRDA:56,0,0,1
BRDA:56,0,1,32
BRDA:67,1,0,31
BRDA:67,1,1,3
BRDA:69,2,0,0
BRDA:69,2,1,28
BRDA:81,3,0,7
BRDA:81,3,1,24
BRDA:102,4,0,21
BRDA:102,4,1,4
BRDA:109,5,0,6
BRDA:109,5,1,1
BRF:12
BRH:11
end_of_record
